[2026-02-05T02:30:56.186+0000] {local_task_job_runner.py:123} INFO - ::group::Pre task execution logs
[2026-02-05T02:30:56.199+0000] {taskinstance.py:2603} INFO - Dependencies all met for dep_context=non-requeueable deps ti=<TaskInstance: crypto_etl_pipeline.process_data scheduled__2026-02-05T01:00:00+00:00 [queued]>
[2026-02-05T02:30:56.206+0000] {taskinstance.py:2603} INFO - Dependencies all met for dep_context=requeueable deps ti=<TaskInstance: crypto_etl_pipeline.process_data scheduled__2026-02-05T01:00:00+00:00 [queued]>
[2026-02-05T02:30:56.207+0000] {taskinstance.py:2856} INFO - Starting attempt 2 of 2
[2026-02-05T02:30:56.219+0000] {taskinstance.py:2879} INFO - Executing <Task(PythonOperator): process_data> on 2026-02-05 01:00:00+00:00
[2026-02-05T02:30:56.228+0000] {logging_mixin.py:190} WARNING - /home/***/.local/lib/python3.12/site-packages/***/task/task_runner/standard_task_runner.py:70 DeprecationWarning: This process (pid=254) is multi-threaded, use of fork() may lead to deadlocks in the child.
[2026-02-05T02:30:56.229+0000] {standard_task_runner.py:72} INFO - Started process 256 to run task
[2026-02-05T02:30:56.227+0000] {standard_task_runner.py:104} INFO - Running: ['***', 'tasks', 'run', 'crypto_etl_pipeline', 'process_data', 'scheduled__2026-02-05T01:00:00+00:00', '--job-id', '4', '--raw', '--subdir', 'DAGS_FOLDER/crypto_pipeline.py', '--cfg-path', '/tmp/tmpr214r9pk']
[2026-02-05T02:30:56.231+0000] {standard_task_runner.py:105} INFO - Job 4: Subtask process_data
[2026-02-05T02:30:56.246+0000] {logging_mixin.py:190} WARNING - /home/***/.local/lib/python3.12/site-packages/***/settings.py:209 DeprecationWarning: The sql_alchemy_conn option in [core] has been moved to the sql_alchemy_conn option in [database] - the old setting has been used, but please update your config.
[2026-02-05T02:30:56.285+0000] {task_command.py:467} INFO - Running <TaskInstance: crypto_etl_pipeline.process_data scheduled__2026-02-05T01:00:00+00:00 [running]> on host cc5734c32a53
[2026-02-05T02:30:56.287+0000] {logging_mixin.py:190} WARNING - /home/***/.local/lib/python3.12/site-packages/***/settings.py:449 DeprecationWarning: The sql_alchemy_conn option in [core] has been moved to the sql_alchemy_conn option in [database] - the old setting has been used, but please update your config.
[2026-02-05T02:30:56.362+0000] {taskinstance.py:3122} INFO - Exporting env vars: AIRFLOW_CTX_DAG_OWNER='***' AIRFLOW_CTX_DAG_ID='crypto_etl_pipeline' AIRFLOW_CTX_TASK_ID='process_data' AIRFLOW_CTX_EXECUTION_DATE='2026-02-05T01:00:00+00:00' AIRFLOW_CTX_TRY_NUMBER='2' AIRFLOW_CTX_DAG_RUN_ID='scheduled__2026-02-05T01:00:00+00:00'
[2026-02-05T02:30:56.363+0000] {taskinstance.py:731} INFO - ::endgroup::
[2026-02-05T02:30:56.473+0000] {logging_mixin.py:190} INFO - 📥 Downloading raw data from S3...
[2026-02-05T02:30:59.831+0000] {logging_mixin.py:190} INFO - ✅ Transformed 100 rows. Ready to Load.
[2026-02-05T02:30:59.846+0000] {logging_mixin.py:190} INFO -   symbol      name     price_usd    volume_24h  rank                captured_at
0    btc   Bitcoin  72159.000000  7.621369e+10     1 2026-02-05 02:30:59.830466
1    eth  Ethereum   2130.110000  4.683299e+10     2 2026-02-05 02:30:59.830466
2   usdt    Tether      0.997859  1.294983e+11     3 2026-02-05 02:30:59.830466
3    bnb       BNB    695.010000  2.771885e+09     4 2026-02-05 02:30:59.830466
4    xrp       XRP      1.460000  4.394064e+09     5 2026-02-05 02:30:59.830466
[2026-02-05T02:30:59.857+0000] {base.py:84} INFO - Retrieving connection 'postgres_dw'
[2026-02-05T02:30:59.858+0000] {logging_mixin.py:190} INFO - 📤 Loading data to Postgres...
[2026-02-05T02:30:59.867+0000] {base.py:84} INFO - Retrieving connection 'postgres_dw'
[2026-02-05T02:30:59.926+0000] {logging_mixin.py:190} INFO - 🏆 Data Loaded Successfully!
[2026-02-05T02:30:59.928+0000] {python.py:240} INFO - Done. Returned value was: None
[2026-02-05T02:30:59.936+0000] {taskinstance.py:340} INFO - ::group::Post task execution logs
[2026-02-05T02:30:59.936+0000] {taskinstance.py:352} INFO - Marking task as SUCCESS. dag_id=crypto_etl_pipeline, task_id=process_data, run_id=scheduled__2026-02-05T01:00:00+00:00, execution_date=20260205T010000, start_date=20260205T023056, end_date=20260205T023059
[2026-02-05T02:30:59.984+0000] {local_task_job_runner.py:261} INFO - Task exited with return code 0
[2026-02-05T02:30:59.996+0000] {taskinstance.py:3891} INFO - 0 downstream tasks scheduled from follow-on schedule check
[2026-02-05T02:30:59.998+0000] {local_task_job_runner.py:240} INFO - ::endgroup::
[2026-02-05T02:51:34.761+0000] {local_task_job_runner.py:123} INFO - ::group::Pre task execution logs
[2026-02-05T02:51:34.780+0000] {taskinstance.py:2603} INFO - Dependencies all met for dep_context=non-requeueable deps ti=<TaskInstance: crypto_etl_pipeline.process_data scheduled__2026-02-05T01:00:00+00:00 [queued]>
[2026-02-05T02:51:34.787+0000] {taskinstance.py:2603} INFO - Dependencies all met for dep_context=requeueable deps ti=<TaskInstance: crypto_etl_pipeline.process_data scheduled__2026-02-05T01:00:00+00:00 [queued]>
[2026-02-05T02:51:34.787+0000] {taskinstance.py:2856} INFO - Starting attempt 2 of 2
[2026-02-05T02:51:34.799+0000] {taskinstance.py:2879} INFO - Executing <Task(PythonOperator): process_data> on 2026-02-05 01:00:00+00:00
[2026-02-05T02:51:34.807+0000] {logging_mixin.py:190} WARNING - /home/***/.local/lib/python3.12/site-packages/***/task/task_runner/standard_task_runner.py:70 DeprecationWarning: This process (pid=224) is multi-threaded, use of fork() may lead to deadlocks in the child.
[2026-02-05T02:51:34.809+0000] {standard_task_runner.py:72} INFO - Started process 226 to run task
[2026-02-05T02:51:34.807+0000] {standard_task_runner.py:104} INFO - Running: ['***', 'tasks', 'run', 'crypto_etl_pipeline', 'process_data', 'scheduled__2026-02-05T01:00:00+00:00', '--job-id', '4', '--raw', '--subdir', 'DAGS_FOLDER/crypto_pipeline.py', '--cfg-path', '/tmp/tmpqkx9qh15']
[2026-02-05T02:51:34.810+0000] {standard_task_runner.py:105} INFO - Job 4: Subtask process_data
[2026-02-05T02:51:34.823+0000] {logging_mixin.py:190} WARNING - /home/***/.local/lib/python3.12/site-packages/***/settings.py:209 DeprecationWarning: The sql_alchemy_conn option in [core] has been moved to the sql_alchemy_conn option in [database] - the old setting has been used, but please update your config.
[2026-02-05T02:51:34.860+0000] {task_command.py:467} INFO - Running <TaskInstance: crypto_etl_pipeline.process_data scheduled__2026-02-05T01:00:00+00:00 [running]> on host 8ff7c219cd4f
[2026-02-05T02:51:34.862+0000] {logging_mixin.py:190} WARNING - /home/***/.local/lib/python3.12/site-packages/***/settings.py:449 DeprecationWarning: The sql_alchemy_conn option in [core] has been moved to the sql_alchemy_conn option in [database] - the old setting has been used, but please update your config.
[2026-02-05T02:51:34.934+0000] {taskinstance.py:3122} INFO - Exporting env vars: AIRFLOW_CTX_DAG_OWNER='***' AIRFLOW_CTX_DAG_ID='crypto_etl_pipeline' AIRFLOW_CTX_TASK_ID='process_data' AIRFLOW_CTX_EXECUTION_DATE='2026-02-05T01:00:00+00:00' AIRFLOW_CTX_TRY_NUMBER='2' AIRFLOW_CTX_DAG_RUN_ID='scheduled__2026-02-05T01:00:00+00:00'
[2026-02-05T02:51:34.935+0000] {taskinstance.py:731} INFO - ::endgroup::
[2026-02-05T02:51:35.038+0000] {logging_mixin.py:190} INFO - 📥 Downloading raw data from S3...
[2026-02-05T02:51:37.206+0000] {logging_mixin.py:190} INFO - ✅ Transformed 100 rows. Ready to Load.
[2026-02-05T02:51:37.218+0000] {logging_mixin.py:190} INFO -   symbol      name     price_usd    volume_24h  rank                captured_at
0    btc   Bitcoin  72120.000000  7.763138e+10     1 2026-02-05 02:51:37.205765
1    eth  Ethereum   2141.940000  4.799046e+10     2 2026-02-05 02:51:37.205765
2   usdt    Tether      0.997908  1.304682e+11     3 2026-02-05 02:51:37.205765
3    bnb       BNB    696.700000  2.826242e+09     4 2026-02-05 02:51:37.205765
4    xrp       XRP      1.470000  4.918230e+09     5 2026-02-05 02:51:37.205765
[2026-02-05T02:51:37.227+0000] {base.py:84} INFO - Retrieving connection 'postgres_dw'
[2026-02-05T02:51:37.228+0000] {logging_mixin.py:190} INFO - 📤 Loading data to Postgres...
[2026-02-05T02:51:37.239+0000] {base.py:84} INFO - Retrieving connection 'postgres_dw'
[2026-02-05T02:51:37.265+0000] {logging_mixin.py:190} INFO - 🏆 Data Loaded Successfully!
[2026-02-05T02:51:37.267+0000] {python.py:240} INFO - Done. Returned value was: None
[2026-02-05T02:51:37.276+0000] {taskinstance.py:340} INFO - ::group::Post task execution logs
[2026-02-05T02:51:37.276+0000] {taskinstance.py:352} INFO - Marking task as SUCCESS. dag_id=crypto_etl_pipeline, task_id=process_data, run_id=scheduled__2026-02-05T01:00:00+00:00, execution_date=20260205T010000, start_date=20260205T025134, end_date=20260205T025137
[2026-02-05T02:51:37.316+0000] {local_task_job_runner.py:261} INFO - Task exited with return code 0
[2026-02-05T02:51:37.329+0000] {taskinstance.py:3891} INFO - 0 downstream tasks scheduled from follow-on schedule check
[2026-02-05T02:51:37.331+0000] {local_task_job_runner.py:240} INFO - ::endgroup::
