[2026-02-05T07:06:31.301+0000] {local_task_job_runner.py:123} INFO - ::group::Pre task execution logs
[2026-02-05T07:06:31.316+0000] {taskinstance.py:2612} INFO - Dependencies all met for dep_context=non-requeueable deps ti=<TaskInstance: crypto_etl_pipeline.dbt_transform scheduled__2026-02-05T06:00:00+00:00 [queued]>
[2026-02-05T07:06:31.325+0000] {taskinstance.py:2612} INFO - Dependencies all met for dep_context=requeueable deps ti=<TaskInstance: crypto_etl_pipeline.dbt_transform scheduled__2026-02-05T06:00:00+00:00 [queued]>
[2026-02-05T07:06:31.326+0000] {taskinstance.py:2865} INFO - Starting attempt 1 of 1
[2026-02-05T07:06:31.337+0000] {taskinstance.py:2888} INFO - Executing <Task(BashOperator): dbt_transform> on 2026-02-05 06:00:00+00:00
[2026-02-05T07:06:31.345+0000] {logging_mixin.py:190} WARNING - /home/***/.local/lib/python3.12/site-packages/***/task/task_runner/standard_task_runner.py:70 DeprecationWarning: This process (pid=264) is multi-threaded, use of fork() may lead to deadlocks in the child.
[2026-02-05T07:06:31.346+0000] {standard_task_runner.py:72} INFO - Started process 266 to run task
[2026-02-05T07:06:31.346+0000] {standard_task_runner.py:104} INFO - Running: ['***', 'tasks', 'run', 'crypto_etl_pipeline', 'dbt_transform', 'scheduled__2026-02-05T06:00:00+00:00', '--job-id', '5', '--raw', '--subdir', 'DAGS_FOLDER/crypto_pipeline.py', '--cfg-path', '/tmp/tmpdrg2vf5t']
[2026-02-05T07:06:31.347+0000] {standard_task_runner.py:105} INFO - Job 5: Subtask dbt_transform
[2026-02-05T07:06:31.360+0000] {logging_mixin.py:190} WARNING - /home/***/.local/lib/python3.12/site-packages/***/settings.py:209 DeprecationWarning: The sql_alchemy_conn option in [core] has been moved to the sql_alchemy_conn option in [database] - the old setting has been used, but please update your config.
[2026-02-05T07:06:31.395+0000] {task_command.py:467} INFO - Running <TaskInstance: crypto_etl_pipeline.dbt_transform scheduled__2026-02-05T06:00:00+00:00 [running]> on host 0cdc7586e174
[2026-02-05T07:06:31.396+0000] {logging_mixin.py:190} WARNING - /home/***/.local/lib/python3.12/site-packages/***/settings.py:470 DeprecationWarning: The sql_alchemy_conn option in [core] has been moved to the sql_alchemy_conn option in [database] - the old setting has been used, but please update your config.
[2026-02-05T07:06:31.472+0000] {taskinstance.py:3131} INFO - Exporting env vars: AIRFLOW_CTX_DAG_OWNER='***' AIRFLOW_CTX_DAG_ID='crypto_etl_pipeline' AIRFLOW_CTX_TASK_ID='dbt_transform' AIRFLOW_CTX_EXECUTION_DATE='2026-02-05T06:00:00+00:00' AIRFLOW_CTX_TRY_NUMBER='1' AIRFLOW_CTX_DAG_RUN_ID='scheduled__2026-02-05T06:00:00+00:00'
[2026-02-05T07:06:31.473+0000] {taskinstance.py:731} INFO - ::endgroup::
[2026-02-05T07:06:31.487+0000] {subprocess.py:63} INFO - Tmp dir root location: /tmp
[2026-02-05T07:06:31.489+0000] {subprocess.py:75} INFO - Running command: ['/usr/bin/bash', '-c', "python -m venv /tmp/dbt_env && source /tmp/dbt_env/bin/activate && pip install dbt-postgres && printf 'crypto_analytics:\n  target: dev\n  outputs:\n    dev:\n      type: postgres\n      host: postgres_dw\n      user: ***\n      password: ***\n      port: 5432\n      dbname: crypto_db\n      schema: public\n      threads: 1\n' > /opt/***/dbt/profiles.yml && cd /opt/***/dbt && dbt run --profiles-dir ."]
[2026-02-05T07:06:31.504+0000] {subprocess.py:86} INFO - Output:
[2026-02-05T07:06:36.693+0000] {subprocess.py:93} INFO - Collecting dbt-postgres
[2026-02-05T07:06:36.779+0000] {subprocess.py:93} INFO -   Downloading dbt_postgres-1.10.0-py3-none-any.whl.metadata (3.9 kB)
[2026-02-05T07:06:37.136+0000] {subprocess.py:93} INFO - Collecting agate<2.0,>=1.0 (from dbt-postgres)
[2026-02-05T07:06:37.144+0000] {subprocess.py:93} INFO -   Downloading agate-1.14.1-py3-none-any.whl.metadata (3.1 kB)
[2026-02-05T07:06:37.452+0000] {subprocess.py:93} INFO - Collecting dbt-adapters<2.0,>=1.19.0 (from dbt-postgres)
[2026-02-05T07:06:37.462+0000] {subprocess.py:93} INFO -   Downloading dbt_adapters-1.22.5-py3-none-any.whl.metadata (4.5 kB)
[2026-02-05T07:06:37.763+0000] {subprocess.py:93} INFO - Collecting dbt-common<2.0,>=1.0.4 (from dbt-postgres)
[2026-02-05T07:06:37.772+0000] {subprocess.py:93} INFO -   Downloading dbt_common-1.37.2-py3-none-any.whl.metadata (4.9 kB)
[2026-02-05T07:06:38.208+0000] {subprocess.py:93} INFO - Collecting dbt-core>=1.8.0rc1 (from dbt-postgres)
[2026-02-05T07:06:38.218+0000] {subprocess.py:93} INFO -   Downloading dbt_core-1.11.2-py3-none-any.whl.metadata (4.4 kB)
[2026-02-05T07:06:38.361+0000] {subprocess.py:93} INFO - Collecting psycopg2-binary<3.0,>=2.9 (from dbt-postgres)
[2026-02-05T07:06:38.370+0000] {subprocess.py:93} INFO -   Downloading psycopg2_binary-2.9.11-cp312-cp312-manylinux2014_x86_64.manylinux_2_17_x86_64.whl.metadata (4.9 kB)
[2026-02-05T07:06:38.418+0000] {subprocess.py:93} INFO - Collecting Babel>=2.0 (from agate<2.0,>=1.0->dbt-postgres)
[2026-02-05T07:06:38.428+0000] {subprocess.py:93} INFO -   Downloading babel-2.18.0-py3-none-any.whl.metadata (2.2 kB)
[2026-02-05T07:06:38.461+0000] {subprocess.py:93} INFO - Collecting isodate>=0.5.4 (from agate<2.0,>=1.0->dbt-postgres)
[2026-02-05T07:06:38.472+0000] {subprocess.py:93} INFO -   Downloading isodate-0.7.2-py3-none-any.whl.metadata (11 kB)
[2026-02-05T07:06:38.752+0000] {subprocess.py:93} INFO - Collecting leather>=0.3.2 (from agate<2.0,>=1.0->dbt-postgres)
[2026-02-05T07:06:38.761+0000] {subprocess.py:93} INFO -   Downloading leather-0.4.1-py3-none-any.whl.metadata (3.0 kB)
[2026-02-05T07:06:38.789+0000] {subprocess.py:93} INFO - Collecting parsedatetime!=2.5,>=2.1 (from agate<2.0,>=1.0->dbt-postgres)
[2026-02-05T07:06:38.798+0000] {subprocess.py:93} INFO -   Downloading parsedatetime-2.6-py3-none-any.whl.metadata (4.7 kB)
[2026-02-05T07:06:38.835+0000] {subprocess.py:93} INFO - Collecting python-slugify>=1.2.1 (from agate<2.0,>=1.0->dbt-postgres)
[2026-02-05T07:06:38.845+0000] {subprocess.py:93} INFO -   Downloading python_slugify-8.0.4-py2.py3-none-any.whl.metadata (8.5 kB)
[2026-02-05T07:06:39.126+0000] {subprocess.py:93} INFO - Collecting pytimeparse>=1.1.5 (from agate<2.0,>=1.0->dbt-postgres)
[2026-02-05T07:06:39.136+0000] {subprocess.py:93} INFO -   Downloading pytimeparse-1.1.8-py2.py3-none-any.whl.metadata (3.4 kB)
[2026-02-05T07:06:39.438+0000] {subprocess.py:93} INFO - Collecting dbt-protos<2.0,>=1.0.291 (from dbt-adapters<2.0,>=1.19.0->dbt-postgres)
[2026-02-05T07:06:39.448+0000] {subprocess.py:93} INFO -   Downloading dbt_protos-1.0.427-py3-none-any.whl.metadata (859 bytes)
[2026-02-05T07:06:39.498+0000] {subprocess.py:93} INFO - Collecting mashumaro<3.15,>=3.9 (from mashumaro[msgpack]<3.15,>=3.9->dbt-adapters<2.0,>=1.19.0->dbt-postgres)
[2026-02-05T07:06:39.510+0000] {subprocess.py:93} INFO -   Downloading mashumaro-3.14-py3-none-any.whl.metadata (114 kB)
[2026-02-05T07:06:39.895+0000] {subprocess.py:93} INFO - Collecting protobuf<7.0,>=6.0 (from dbt-adapters<2.0,>=1.19.0->dbt-postgres)
[2026-02-05T07:06:39.908+0000] {subprocess.py:93} INFO -   Downloading protobuf-6.33.5-cp39-abi3-manylinux2014_x86_64.whl.metadata (593 bytes)
[2026-02-05T07:06:40.058+0000] {subprocess.py:93} INFO - Collecting pytz>=2015.7 (from dbt-adapters<2.0,>=1.19.0->dbt-postgres)
[2026-02-05T07:06:40.069+0000] {subprocess.py:93} INFO -   Downloading pytz-2025.2-py2.py3-none-any.whl.metadata (22 kB)
[2026-02-05T07:06:40.136+0000] {subprocess.py:93} INFO - Collecting typing-extensions<5.0,>=4.0 (from dbt-adapters<2.0,>=1.19.0->dbt-postgres)
[2026-02-05T07:06:40.144+0000] {subprocess.py:93} INFO -   Downloading typing_extensions-4.15.0-py3-none-any.whl.metadata (3.3 kB)
[2026-02-05T07:06:40.160+0000] {subprocess.py:93} INFO - Collecting agate<2.0,>=1.0 (from dbt-postgres)
[2026-02-05T07:06:40.169+0000] {subprocess.py:93} INFO -   Downloading agate-1.9.1-py2.py3-none-any.whl.metadata (3.2 kB)
[2026-02-05T07:06:40.210+0000] {subprocess.py:93} INFO - Collecting colorama<0.5,>=0.3.9 (from dbt-common<2.0,>=1.0.4->dbt-postgres)
[2026-02-05T07:06:40.220+0000] {subprocess.py:93} INFO -   Downloading colorama-0.4.6-py2.py3-none-any.whl.metadata (17 kB)
[2026-02-05T07:06:40.285+0000] {subprocess.py:93} INFO - Collecting deepdiff<9.0,>=7.0 (from dbt-common<2.0,>=1.0.4->dbt-postgres)
[2026-02-05T07:06:40.295+0000] {subprocess.py:93} INFO -   Downloading deepdiff-8.6.1-py3-none-any.whl.metadata (8.6 kB)
[2026-02-05T07:06:40.345+0000] {subprocess.py:93} INFO - Collecting jinja2<4,>=3.1.3 (from dbt-common<2.0,>=1.0.4->dbt-postgres)
[2026-02-05T07:06:40.354+0000] {subprocess.py:93} INFO -   Downloading jinja2-3.1.6-py3-none-any.whl.metadata (2.9 kB)
[2026-02-05T07:06:40.424+0000] {subprocess.py:93} INFO - Collecting jsonschema<5.0,>=4.0 (from dbt-common<2.0,>=1.0.4->dbt-postgres)
[2026-02-05T07:06:40.434+0000] {subprocess.py:93} INFO -   Downloading jsonschema-4.26.0-py3-none-any.whl.metadata (7.6 kB)
[2026-02-05T07:06:40.480+0000] {subprocess.py:93} INFO - Collecting pathspec<0.13,>=0.9 (from dbt-common<2.0,>=1.0.4->dbt-postgres)
[2026-02-05T07:06:40.492+0000] {subprocess.py:93} INFO -   Downloading pathspec-0.12.1-py3-none-any.whl.metadata (21 kB)
[2026-02-05T07:06:40.534+0000] {subprocess.py:93} INFO - Collecting python-dateutil<3.0,>=2.0 (from dbt-common<2.0,>=1.0.4->dbt-postgres)
[2026-02-05T07:06:40.545+0000] {subprocess.py:93} INFO -   Downloading python_dateutil-2.9.0.post0-py2.py3-none-any.whl.metadata (8.4 kB)
[2026-02-05T07:06:40.611+0000] {subprocess.py:93} INFO - Collecting requests<3.0.0 (from dbt-common<2.0,>=1.0.4->dbt-postgres)
[2026-02-05T07:06:40.620+0000] {subprocess.py:93} INFO -   Downloading requests-2.32.5-py3-none-any.whl.metadata (4.9 kB)
[2026-02-05T07:06:40.681+0000] {subprocess.py:93} INFO - Collecting click<9.0,>=8.2.0 (from dbt-core>=1.8.0rc1->dbt-postgres)
[2026-02-05T07:06:40.691+0000] {subprocess.py:93} INFO -   Downloading click-8.3.1-py3-none-any.whl.metadata (2.6 kB)
[2026-02-05T07:06:41.002+0000] {subprocess.py:93} INFO - Collecting daff>=1.3.46 (from dbt-core>=1.8.0rc1->dbt-postgres)
[2026-02-05T07:06:41.012+0000] {subprocess.py:93} INFO -   Downloading daff-1.4.2-py3-none-any.whl.metadata (10 kB)
[2026-02-05T07:06:41.347+0000] {subprocess.py:93} INFO - Collecting dbt-extractor<=0.6,>=0.5.0 (from dbt-core>=1.8.0rc1->dbt-postgres)
[2026-02-05T07:06:41.357+0000] {subprocess.py:93} INFO -   Downloading dbt_extractor-0.6.0-cp39-abi3-manylinux_2_17_x86_64.manylinux2014_x86_64.whl.metadata (4.6 kB)
[2026-02-05T07:06:41.687+0000] {subprocess.py:93} INFO - Collecting dbt-semantic-interfaces<0.10,>=0.9.0 (from dbt-core>=1.8.0rc1->dbt-postgres)
[2026-02-05T07:06:41.695+0000] {subprocess.py:93} INFO -   Downloading dbt_semantic_interfaces-0.9.0-py3-none-any.whl.metadata (2.6 kB)
[2026-02-05T07:06:41.761+0000] {subprocess.py:93} INFO - Collecting networkx<4.0,>=2.3 (from dbt-core>=1.8.0rc1->dbt-postgres)
[2026-02-05T07:06:41.769+0000] {subprocess.py:93} INFO -   Downloading networkx-3.6.1-py3-none-any.whl.metadata (6.8 kB)
[2026-02-05T07:06:41.821+0000] {subprocess.py:93} INFO - Collecting packaging>20.9 (from dbt-core>=1.8.0rc1->dbt-postgres)
[2026-02-05T07:06:41.830+0000] {subprocess.py:93} INFO -   Downloading packaging-26.0-py3-none-any.whl.metadata (3.3 kB)
[2026-02-05T07:06:42.101+0000] {subprocess.py:93} INFO - Collecting pydantic<3 (from dbt-core>=1.8.0rc1->dbt-postgres)
[2026-02-05T07:06:42.112+0000] {subprocess.py:93} INFO -   Downloading pydantic-2.12.5-py3-none-any.whl.metadata (90 kB)
[2026-02-05T07:06:42.196+0000] {subprocess.py:93} INFO - Collecting pyyaml>=6.0 (from dbt-core>=1.8.0rc1->dbt-postgres)
[2026-02-05T07:06:42.206+0000] {subprocess.py:93} INFO -   Downloading pyyaml-6.0.3-cp312-cp312-manylinux2014_x86_64.manylinux_2_17_x86_64.manylinux_2_28_x86_64.whl.metadata (2.4 kB)
[2026-02-05T07:06:42.497+0000] {subprocess.py:93} INFO - Collecting snowplow-tracker<2.0,>=1.0.2 (from dbt-core>=1.8.0rc1->dbt-postgres)
[2026-02-05T07:06:42.506+0000] {subprocess.py:93} INFO -   Downloading snowplow_tracker-1.1.0-py3-none-any.whl.metadata (5.7 kB)
[2026-02-05T07:06:42.539+0000] {subprocess.py:93} INFO - Collecting sqlparse<0.5.5,>=0.5.0 (from dbt-core>=1.8.0rc1->dbt-postgres)
[2026-02-05T07:06:42.547+0000] {subprocess.py:93} INFO -   Downloading sqlparse-0.5.4-py3-none-any.whl.metadata (4.7 kB)
[2026-02-05T07:06:42.668+0000] {subprocess.py:93} INFO - Collecting importlib-metadata<9,>=6.0 (from dbt-semantic-interfaces<0.10,>=0.9.0->dbt-core>=1.8.0rc1->dbt-postgres)
[2026-02-05T07:06:42.677+0000] {subprocess.py:93} INFO -   Downloading importlib_metadata-8.7.1-py3-none-any.whl.metadata (4.7 kB)
[2026-02-05T07:06:42.770+0000] {subprocess.py:93} INFO - Collecting more-itertools<11.0,>=8.0 (from dbt-semantic-interfaces<0.10,>=0.9.0->dbt-core>=1.8.0rc1->dbt-postgres)
[2026-02-05T07:06:42.781+0000] {subprocess.py:93} INFO -   Downloading more_itertools-10.8.0-py3-none-any.whl.metadata (39 kB)
[2026-02-05T07:06:42.837+0000] {subprocess.py:93} INFO - Collecting orderly-set<6,>=5.4.1 (from deepdiff<9.0,>=7.0->dbt-common<2.0,>=1.0.4->dbt-postgres)
[2026-02-05T07:06:42.847+0000] {subprocess.py:93} INFO -   Downloading orderly_set-5.5.0-py3-none-any.whl.metadata (6.6 kB)
[2026-02-05T07:06:42.959+0000] {subprocess.py:93} INFO - Collecting MarkupSafe>=2.0 (from jinja2<4,>=3.1.3->dbt-common<2.0,>=1.0.4->dbt-postgres)
[2026-02-05T07:06:42.973+0000] {subprocess.py:93} INFO -   Downloading markupsafe-3.0.3-cp312-cp312-manylinux2014_x86_64.manylinux_2_17_x86_64.manylinux_2_28_x86_64.whl.metadata (2.7 kB)
[2026-02-05T07:06:43.018+0000] {subprocess.py:93} INFO - Collecting attrs>=22.2.0 (from jsonschema<5.0,>=4.0->dbt-common<2.0,>=1.0.4->dbt-postgres)
[2026-02-05T07:06:43.027+0000] {subprocess.py:93} INFO -   Downloading attrs-25.4.0-py3-none-any.whl.metadata (10 kB)
[2026-02-05T07:06:43.066+0000] {subprocess.py:93} INFO - Collecting jsonschema-specifications>=2023.03.6 (from jsonschema<5.0,>=4.0->dbt-common<2.0,>=1.0.4->dbt-postgres)
[2026-02-05T07:06:43.078+0000] {subprocess.py:93} INFO -   Downloading jsonschema_specifications-2025.9.1-py3-none-any.whl.metadata (2.9 kB)
[2026-02-05T07:06:43.151+0000] {subprocess.py:93} INFO - Collecting referencing>=0.28.4 (from jsonschema<5.0,>=4.0->dbt-common<2.0,>=1.0.4->dbt-postgres)
[2026-02-05T07:06:43.159+0000] {subprocess.py:93} INFO -   Downloading referencing-0.37.0-py3-none-any.whl.metadata (2.8 kB)
[2026-02-05T07:06:43.671+0000] {subprocess.py:93} INFO - Collecting rpds-py>=0.25.0 (from jsonschema<5.0,>=4.0->dbt-common<2.0,>=1.0.4->dbt-postgres)
[2026-02-05T07:06:43.681+0000] {subprocess.py:93} INFO -   Downloading rpds_py-0.30.0-cp312-cp312-manylinux_2_17_x86_64.manylinux2014_x86_64.whl.metadata (4.1 kB)
[2026-02-05T07:06:43.818+0000] {subprocess.py:93} INFO - Collecting msgpack>=0.5.6 (from mashumaro[msgpack]<3.15,>=3.9->dbt-adapters<2.0,>=1.19.0->dbt-postgres)
[2026-02-05T07:06:43.827+0000] {subprocess.py:93} INFO -   Downloading msgpack-1.1.2-cp312-cp312-manylinux2014_x86_64.manylinux_2_17_x86_64.manylinux_2_28_x86_64.whl.metadata (8.1 kB)
[2026-02-05T07:06:43.863+0000] {subprocess.py:93} INFO - Collecting annotated-types>=0.6.0 (from pydantic<3->dbt-core>=1.8.0rc1->dbt-postgres)
[2026-02-05T07:06:43.872+0000] {subprocess.py:93} INFO -   Downloading annotated_types-0.7.0-py3-none-any.whl.metadata (15 kB)
[2026-02-05T07:06:45.087+0000] {subprocess.py:93} INFO - Collecting pydantic-core==2.41.5 (from pydantic<3->dbt-core>=1.8.0rc1->dbt-postgres)
[2026-02-05T07:06:45.096+0000] {subprocess.py:93} INFO -   Downloading pydantic_core-2.41.5-cp312-cp312-manylinux_2_17_x86_64.manylinux2014_x86_64.whl.metadata (7.3 kB)
[2026-02-05T07:06:45.127+0000] {subprocess.py:93} INFO - Collecting typing-inspection>=0.4.2 (from pydantic<3->dbt-core>=1.8.0rc1->dbt-postgres)
[2026-02-05T07:06:45.135+0000] {subprocess.py:93} INFO -   Downloading typing_inspection-0.4.2-py3-none-any.whl.metadata (2.6 kB)
[2026-02-05T07:06:45.170+0000] {subprocess.py:93} INFO - Collecting six>=1.5 (from python-dateutil<3.0,>=2.0->dbt-common<2.0,>=1.0.4->dbt-postgres)
[2026-02-05T07:06:45.178+0000] {subprocess.py:93} INFO -   Downloading six-1.17.0-py2.py3-none-any.whl.metadata (1.7 kB)
[2026-02-05T07:06:45.206+0000] {subprocess.py:93} INFO - Collecting text-unidecode>=1.3 (from python-slugify>=1.2.1->agate<2.0,>=1.0->dbt-postgres)
[2026-02-05T07:06:45.216+0000] {subprocess.py:93} INFO -   Downloading text_unidecode-1.3-py2.py3-none-any.whl.metadata (2.4 kB)
[2026-02-05T07:06:45.372+0000] {subprocess.py:93} INFO - Collecting charset_normalizer<4,>=2 (from requests<3.0.0->dbt-common<2.0,>=1.0.4->dbt-postgres)
[2026-02-05T07:06:45.386+0000] {subprocess.py:93} INFO -   Downloading charset_normalizer-3.4.4-cp312-cp312-manylinux2014_x86_64.manylinux_2_17_x86_64.manylinux_2_28_x86_64.whl.metadata (37 kB)
[2026-02-05T07:06:45.425+0000] {subprocess.py:93} INFO - Collecting idna<4,>=2.5 (from requests<3.0.0->dbt-common<2.0,>=1.0.4->dbt-postgres)
[2026-02-05T07:06:45.433+0000] {subprocess.py:93} INFO -   Downloading idna-3.11-py3-none-any.whl.metadata (8.4 kB)
[2026-02-05T07:06:45.519+0000] {subprocess.py:93} INFO - Collecting urllib3<3,>=1.21.1 (from requests<3.0.0->dbt-common<2.0,>=1.0.4->dbt-postgres)
[2026-02-05T07:06:45.529+0000] {subprocess.py:93} INFO -   Downloading urllib3-2.6.3-py3-none-any.whl.metadata (6.9 kB)
[2026-02-05T07:06:45.574+0000] {subprocess.py:93} INFO - Collecting certifi>=2017.4.17 (from requests<3.0.0->dbt-common<2.0,>=1.0.4->dbt-postgres)
[2026-02-05T07:06:45.582+0000] {subprocess.py:93} INFO -   Downloading certifi-2026.1.4-py3-none-any.whl.metadata (2.5 kB)
[2026-02-05T07:06:45.668+0000] {subprocess.py:93} INFO - Collecting zipp>=3.20 (from importlib-metadata<9,>=6.0->dbt-semantic-interfaces<0.10,>=0.9.0->dbt-core>=1.8.0rc1->dbt-postgres)
[2026-02-05T07:06:45.677+0000] {subprocess.py:93} INFO -   Downloading zipp-3.23.0-py3-none-any.whl.metadata (3.6 kB)
[2026-02-05T07:06:45.743+0000] {subprocess.py:93} INFO - Downloading dbt_postgres-1.10.0-py3-none-any.whl (35 kB)
[2026-02-05T07:06:45.763+0000] {subprocess.py:93} INFO - Downloading dbt_adapters-1.22.5-py3-none-any.whl (172 kB)
[2026-02-05T07:06:45.786+0000] {subprocess.py:93} INFO - Downloading dbt_common-1.37.2-py3-none-any.whl (87 kB)
[2026-02-05T07:06:45.806+0000] {subprocess.py:93} INFO - Downloading agate-1.9.1-py2.py3-none-any.whl (95 kB)
[2026-02-05T07:06:45.824+0000] {subprocess.py:93} INFO - Downloading dbt_core-1.11.2-py3-none-any.whl (1.0 MB)
[2026-02-05T07:06:45.872+0000] {subprocess.py:93} INFO -    â”â”â”â”â”â”â”â”â”â”â”â”â”â”â”â”â”â”â”â”â”â”â”â”â”â”â”â”â”â”â”â”â”â”â”â”â”â”â”â” 1.0/1.0 MB 21.8 MB/s eta 0:00:00
[2026-02-05T07:06:45.886+0000] {subprocess.py:93} INFO - Downloading psycopg2_binary-2.9.11-cp312-cp312-manylinux2014_x86_64.manylinux_2_17_x86_64.whl (4.2 MB)
[2026-02-05T07:06:46.140+0000] {subprocess.py:93} INFO -    â”â”â”â”â”â”â”â”â”â”â”â”â”â”â”â”â”â”â”â”â”â”â”â”â”â”â”â”â”â”â”â”â”â”â”â”â”â”â”â” 4.2/4.2 MB 16.7 MB/s eta 0:00:00
[2026-02-05T07:06:46.154+0000] {subprocess.py:93} INFO - Downloading babel-2.18.0-py3-none-any.whl (10.2 MB)
[2026-02-05T07:06:46.669+0000] {subprocess.py:93} INFO -    â”â”â”â”â”â”â”â”â”â”â”â”â”â”â”â”â”â”â”â”â”â”â”â”â”â”â”â”â”â”â”â”â”â”â”â”â”â”â”â” 10.2/10.2 MB 20.0 MB/s eta 0:00:00
[2026-02-05T07:06:46.678+0000] {subprocess.py:93} INFO - Downloading click-8.3.1-py3-none-any.whl (108 kB)
[2026-02-05T07:06:46.694+0000] {subprocess.py:93} INFO - Downloading colorama-0.4.6-py2.py3-none-any.whl (25 kB)
[2026-02-05T07:06:46.714+0000] {subprocess.py:93} INFO - Downloading daff-1.4.2-py3-none-any.whl (144 kB)
[2026-02-05T07:06:46.739+0000] {subprocess.py:93} INFO - Downloading dbt_extractor-0.6.0-cp39-abi3-manylinux_2_17_x86_64.manylinux2014_x86_64.whl (442 kB)
[2026-02-05T07:06:46.788+0000] {subprocess.py:93} INFO - Downloading dbt_protos-1.0.427-py3-none-any.whl (174 kB)
[2026-02-05T07:06:46.810+0000] {subprocess.py:93} INFO - Downloading dbt_semantic_interfaces-0.9.0-py3-none-any.whl (147 kB)
[2026-02-05T07:06:46.830+0000] {subprocess.py:93} INFO - Downloading deepdiff-8.6.1-py3-none-any.whl (91 kB)
[2026-02-05T07:06:46.851+0000] {subprocess.py:93} INFO - Downloading isodate-0.7.2-py3-none-any.whl (22 kB)
[2026-02-05T07:06:46.865+0000] {subprocess.py:93} INFO - Downloading jinja2-3.1.6-py3-none-any.whl (134 kB)
[2026-02-05T07:06:46.895+0000] {subprocess.py:93} INFO - Downloading jsonschema-4.26.0-py3-none-any.whl (90 kB)
[2026-02-05T07:06:46.917+0000] {subprocess.py:93} INFO - Downloading leather-0.4.1-py3-none-any.whl (30 kB)
[2026-02-05T07:06:46.935+0000] {subprocess.py:93} INFO - Downloading mashumaro-3.14-py3-none-any.whl (92 kB)
[2026-02-05T07:06:46.954+0000] {subprocess.py:93} INFO - Downloading networkx-3.6.1-py3-none-any.whl (2.1 MB)
[2026-02-05T07:06:47.059+0000] {subprocess.py:93} INFO -    â”â”â”â”â”â”â”â”â”â”â”â”â”â”â”â”â”â”â”â”â”â”â”â”â”â”â”â”â”â”â”â”â”â”â”â”â”â”â”â” 2.1/2.1 MB 20.4 MB/s eta 0:00:00
[2026-02-05T07:06:47.069+0000] {subprocess.py:93} INFO - Downloading packaging-26.0-py3-none-any.whl (74 kB)
[2026-02-05T07:06:47.087+0000] {subprocess.py:93} INFO - Downloading parsedatetime-2.6-py3-none-any.whl (42 kB)
[2026-02-05T07:06:47.106+0000] {subprocess.py:93} INFO - Downloading pathspec-0.12.1-py3-none-any.whl (31 kB)
[2026-02-05T07:06:47.123+0000] {subprocess.py:93} INFO - Downloading protobuf-6.33.5-cp39-abi3-manylinux2014_x86_64.whl (323 kB)
[2026-02-05T07:06:47.155+0000] {subprocess.py:93} INFO - Downloading pydantic-2.12.5-py3-none-any.whl (463 kB)
[2026-02-05T07:06:47.190+0000] {subprocess.py:93} INFO - Downloading pydantic_core-2.41.5-cp312-cp312-manylinux_2_17_x86_64.manylinux2014_x86_64.whl (2.1 MB)
[2026-02-05T07:06:47.309+0000] {subprocess.py:93} INFO -    â”â”â”â”â”â”â”â”â”â”â”â”â”â”â”â”â”â”â”â”â”â”â”â”â”â”â”â”â”â”â”â”â”â”â”â”â”â”â”â” 2.1/2.1 MB 16.8 MB/s eta 0:00:00
[2026-02-05T07:06:47.318+0000] {subprocess.py:93} INFO - Downloading python_dateutil-2.9.0.post0-py2.py3-none-any.whl (229 kB)
[2026-02-05T07:06:47.343+0000] {subprocess.py:93} INFO - Downloading python_slugify-8.0.4-py2.py3-none-any.whl (10 kB)
[2026-02-05T07:06:47.357+0000] {subprocess.py:93} INFO - Downloading pytimeparse-1.1.8-py2.py3-none-any.whl (10.0 kB)
[2026-02-05T07:06:47.371+0000] {subprocess.py:93} INFO - Downloading pytz-2025.2-py2.py3-none-any.whl (509 kB)
[2026-02-05T07:06:47.408+0000] {subprocess.py:93} INFO - Downloading pyyaml-6.0.3-cp312-cp312-manylinux2014_x86_64.manylinux_2_17_x86_64.manylinux_2_28_x86_64.whl (807 kB)
[2026-02-05T07:06:47.456+0000] {subprocess.py:93} INFO -    â”â”â”â”â”â”â”â”â”â”â”â”â”â”â”â”â”â”â”â”â”â”â”â”â”â”â”â”â”â”â”â”â”â”â”â”â”â”â”â” 807.9/807.9 kB 19.0 MB/s eta 0:00:00
[2026-02-05T07:06:47.466+0000] {subprocess.py:93} INFO - Downloading requests-2.32.5-py3-none-any.whl (64 kB)
[2026-02-05T07:06:47.487+0000] {subprocess.py:93} INFO - Downloading snowplow_tracker-1.1.0-py3-none-any.whl (44 kB)
[2026-02-05T07:06:47.511+0000] {subprocess.py:93} INFO - Downloading sqlparse-0.5.4-py3-none-any.whl (45 kB)
[2026-02-05T07:06:47.534+0000] {subprocess.py:93} INFO - Downloading typing_extensions-4.15.0-py3-none-any.whl (44 kB)
[2026-02-05T07:06:47.555+0000] {subprocess.py:93} INFO - Downloading annotated_types-0.7.0-py3-none-any.whl (13 kB)
[2026-02-05T07:06:47.583+0000] {subprocess.py:93} INFO - Downloading attrs-25.4.0-py3-none-any.whl (67 kB)
[2026-02-05T07:06:47.616+0000] {subprocess.py:93} INFO - Downloading certifi-2026.1.4-py3-none-any.whl (152 kB)
[2026-02-05T07:06:47.651+0000] {subprocess.py:93} INFO - Downloading charset_normalizer-3.4.4-cp312-cp312-manylinux2014_x86_64.manylinux_2_17_x86_64.manylinux_2_28_x86_64.whl (153 kB)
[2026-02-05T07:06:47.685+0000] {subprocess.py:93} INFO - Downloading idna-3.11-py3-none-any.whl (71 kB)
[2026-02-05T07:06:47.717+0000] {subprocess.py:93} INFO - Downloading importlib_metadata-8.7.1-py3-none-any.whl (27 kB)
[2026-02-05T07:06:47.739+0000] {subprocess.py:93} INFO - Downloading jsonschema_specifications-2025.9.1-py3-none-any.whl (18 kB)
[2026-02-05T07:06:47.757+0000] {subprocess.py:93} INFO - Downloading markupsafe-3.0.3-cp312-cp312-manylinux2014_x86_64.manylinux_2_17_x86_64.manylinux_2_28_x86_64.whl (22 kB)
[2026-02-05T07:06:47.778+0000] {subprocess.py:93} INFO - Downloading more_itertools-10.8.0-py3-none-any.whl (69 kB)
[2026-02-05T07:06:47.801+0000] {subprocess.py:93} INFO - Downloading msgpack-1.1.2-cp312-cp312-manylinux2014_x86_64.manylinux_2_17_x86_64.manylinux_2_28_x86_64.whl (427 kB)
[2026-02-05T07:06:47.837+0000] {subprocess.py:93} INFO - Downloading orderly_set-5.5.0-py3-none-any.whl (13 kB)
[2026-02-05T07:06:47.851+0000] {subprocess.py:93} INFO - Downloading referencing-0.37.0-py3-none-any.whl (26 kB)
[2026-02-05T07:06:47.867+0000] {subprocess.py:93} INFO - Downloading rpds_py-0.30.0-cp312-cp312-manylinux_2_17_x86_64.manylinux2014_x86_64.whl (394 kB)
[2026-02-05T07:06:47.905+0000] {subprocess.py:93} INFO - Downloading six-1.17.0-py2.py3-none-any.whl (11 kB)
[2026-02-05T07:06:47.922+0000] {subprocess.py:93} INFO - Downloading text_unidecode-1.3-py2.py3-none-any.whl (78 kB)
[2026-02-05T07:06:47.941+0000] {subprocess.py:93} INFO - Downloading typing_inspection-0.4.2-py3-none-any.whl (14 kB)
[2026-02-05T07:06:47.960+0000] {subprocess.py:93} INFO - Downloading urllib3-2.6.3-py3-none-any.whl (131 kB)
[2026-02-05T07:06:47.983+0000] {subprocess.py:93} INFO - Downloading zipp-3.23.0-py3-none-any.whl (10 kB)
[2026-02-05T07:06:48.254+0000] {subprocess.py:93} INFO - Installing collected packages: text-unidecode, pytz, pytimeparse, parsedatetime, leather, daff, zipp, urllib3, typing-extensions, sqlparse, six, rpds-py, pyyaml, python-slugify, psycopg2-binary, protobuf, pathspec, packaging, orderly-set, networkx, msgpack, more-itertools, MarkupSafe, isodate, idna, dbt-extractor, colorama, click, charset_normalizer, certifi, Babel, attrs, annotated-types, typing-inspection, requests, referencing, python-dateutil, pydantic-core, mashumaro, jinja2, importlib-metadata, deepdiff, dbt-protos, agate, snowplow-tracker, pydantic, jsonschema-specifications, jsonschema, dbt-semantic-interfaces, dbt-common, dbt-adapters, dbt-core, dbt-postgres
[2026-02-05T07:06:54.306+0000] {subprocess.py:93} INFO - Successfully installed Babel-2.18.0 MarkupSafe-3.0.3 agate-1.9.1 annotated-types-0.7.0 attrs-25.4.0 certifi-2026.1.4 charset_normalizer-3.4.4 click-8.3.1 colorama-0.4.6 daff-1.4.2 dbt-adapters-1.22.5 dbt-common-1.37.2 dbt-core-1.11.2 dbt-extractor-0.6.0 dbt-postgres-1.10.0 dbt-protos-1.0.427 dbt-semantic-interfaces-0.9.0 deepdiff-8.6.1 idna-3.11 importlib-metadata-8.7.1 isodate-0.7.2 jinja2-3.1.6 jsonschema-4.26.0 jsonschema-specifications-2025.9.1 leather-0.4.1 mashumaro-3.14 more-itertools-10.8.0 msgpack-1.1.2 networkx-3.6.1 orderly-set-5.5.0 packaging-26.0 parsedatetime-2.6 pathspec-0.12.1 protobuf-6.33.5 psycopg2-binary-2.9.11 pydantic-2.12.5 pydantic-core-2.41.5 python-dateutil-2.9.0.post0 python-slugify-8.0.4 pytimeparse-1.1.8 pytz-2025.2 pyyaml-6.0.3 referencing-0.37.0 requests-2.32.5 rpds-py-0.30.0 six-1.17.0 snowplow-tracker-1.1.0 sqlparse-0.5.4 text-unidecode-1.3 typing-extensions-4.15.0 typing-inspection-0.4.2 urllib3-2.6.3 zipp-3.23.0
[2026-02-05T07:06:54.508+0000] {subprocess.py:93} INFO - 
[2026-02-05T07:06:54.509+0000] {subprocess.py:93} INFO - [notice] A new release of pip is available: 24.2 -> 26.0.1
[2026-02-05T07:06:54.512+0000] {subprocess.py:93} INFO - [notice] To update, run: pip install --upgrade pip
[2026-02-05T07:06:58.591+0000] {subprocess.py:93} INFO - [0m07:06:58  Running with dbt=1.11.2
[2026-02-05T07:06:58.988+0000] {subprocess.py:93} INFO - [0m07:06:58  Registered adapter: postgres=1.10.0
[2026-02-05T07:06:59.576+0000] {subprocess.py:93} INFO - [0m07:06:59  Found 2 models, 1 source, 464 macros
[2026-02-05T07:06:59.581+0000] {subprocess.py:93} INFO - [0m07:06:59
[2026-02-05T07:06:59.582+0000] {subprocess.py:93} INFO - [0m07:06:59  Concurrency: 1 threads (target='dev')
[2026-02-05T07:06:59.582+0000] {subprocess.py:93} INFO - [0m07:06:59
[2026-02-05T07:06:59.827+0000] {subprocess.py:93} INFO - [0m07:06:59  1 of 2 START sql view model public.stg_crypto_prices ........................... [RUN]
[2026-02-05T07:07:00.146+0000] {subprocess.py:93} INFO - [0m07:07:00  1 of 2 OK created sql view model public.stg_crypto_prices ...................... [[32mCREATE VIEW[0m in 0.31s]
[2026-02-05T07:07:00.151+0000] {subprocess.py:93} INFO - [0m07:07:00  2 of 2 START sql view model public.avg_price_analytics ......................... [RUN]
[2026-02-05T07:07:00.249+0000] {subprocess.py:93} INFO - [0m07:07:00  2 of 2 OK created sql view model public.avg_price_analytics .................... [[32mCREATE VIEW[0m in 0.10s]
[2026-02-05T07:07:00.263+0000] {subprocess.py:93} INFO - [0m07:07:00
[2026-02-05T07:07:00.264+0000] {subprocess.py:93} INFO - [0m07:07:00  Finished running 2 view models in 0 hours 0 minutes and 0.68 seconds (0.68s).
[2026-02-05T07:07:00.338+0000] {subprocess.py:93} INFO - [0m07:07:00
[2026-02-05T07:07:00.339+0000] {subprocess.py:93} INFO - [0m07:07:00  [32mCompleted successfully[0m
[2026-02-05T07:07:00.340+0000] {subprocess.py:93} INFO - [0m07:07:00
[2026-02-05T07:07:00.341+0000] {subprocess.py:93} INFO - [0m07:07:00  Done. PASS=2 WARN=0 ERROR=0 SKIP=0 NO-OP=0 TOTAL=2
[2026-02-05T07:07:01.868+0000] {subprocess.py:97} INFO - Command exited with return code 0
[2026-02-05T07:07:01.900+0000] {taskinstance.py:340} INFO - ::group::Post task execution logs
[2026-02-05T07:07:01.901+0000] {taskinstance.py:352} INFO - Marking task as SUCCESS. dag_id=crypto_etl_pipeline, task_id=dbt_transform, run_id=scheduled__2026-02-05T06:00:00+00:00, execution_date=20260205T060000, start_date=20260205T070631, end_date=20260205T070701
[2026-02-05T07:07:01.962+0000] {local_task_job_runner.py:266} INFO - Task exited with return code 0
[2026-02-05T07:07:01.976+0000] {taskinstance.py:3900} INFO - 0 downstream tasks scheduled from follow-on schedule check
[2026-02-05T07:07:01.978+0000] {local_task_job_runner.py:245} INFO - ::endgroup::
