[2026-02-05T06:00:10.564+0000] {local_task_job_runner.py:123} INFO - ::group::Pre task execution logs
[2026-02-05T06:00:10.585+0000] {taskinstance.py:2612} INFO - Dependencies all met for dep_context=non-requeueable deps ti=<TaskInstance: crypto_etl_pipeline.dbt_transform scheduled__2026-02-05T05:00:00+00:00 [queued]>
[2026-02-05T06:00:10.597+0000] {taskinstance.py:2612} INFO - Dependencies all met for dep_context=requeueable deps ti=<TaskInstance: crypto_etl_pipeline.dbt_transform scheduled__2026-02-05T05:00:00+00:00 [queued]>
[2026-02-05T06:00:10.598+0000] {taskinstance.py:2865} INFO - Starting attempt 1 of 1
[2026-02-05T06:00:10.616+0000] {taskinstance.py:2888} INFO - Executing <Task(BashOperator): dbt_transform> on 2026-02-05 05:00:00+00:00
[2026-02-05T06:00:10.627+0000] {logging_mixin.py:190} WARNING - /home/***/.local/lib/python3.12/site-packages/***/task/task_runner/standard_task_runner.py:70 DeprecationWarning: This process (pid=291) is multi-threaded, use of fork() may lead to deadlocks in the child.
[2026-02-05T06:00:10.628+0000] {standard_task_runner.py:72} INFO - Started process 293 to run task
[2026-02-05T06:00:10.627+0000] {standard_task_runner.py:104} INFO - Running: ['***', 'tasks', 'run', 'crypto_etl_pipeline', 'dbt_transform', 'scheduled__2026-02-05T05:00:00+00:00', '--job-id', '7', '--raw', '--subdir', 'DAGS_FOLDER/crypto_pipeline.py', '--cfg-path', '/tmp/tmpa2lfvb05']
[2026-02-05T06:00:10.629+0000] {standard_task_runner.py:105} INFO - Job 7: Subtask dbt_transform
[2026-02-05T06:00:10.654+0000] {logging_mixin.py:190} WARNING - /home/***/.local/lib/python3.12/site-packages/***/settings.py:209 DeprecationWarning: The sql_alchemy_conn option in [core] has been moved to the sql_alchemy_conn option in [database] - the old setting has been used, but please update your config.
[2026-02-05T06:00:10.693+0000] {task_command.py:467} INFO - Running <TaskInstance: crypto_etl_pipeline.dbt_transform scheduled__2026-02-05T05:00:00+00:00 [running]> on host 87e9046ae7a3
[2026-02-05T06:00:10.695+0000] {logging_mixin.py:190} WARNING - /home/***/.local/lib/python3.12/site-packages/***/settings.py:470 DeprecationWarning: The sql_alchemy_conn option in [core] has been moved to the sql_alchemy_conn option in [database] - the old setting has been used, but please update your config.
[2026-02-05T06:00:10.835+0000] {taskinstance.py:3131} INFO - Exporting env vars: AIRFLOW_CTX_DAG_OWNER='***' AIRFLOW_CTX_DAG_ID='crypto_etl_pipeline' AIRFLOW_CTX_TASK_ID='dbt_transform' AIRFLOW_CTX_EXECUTION_DATE='2026-02-05T05:00:00+00:00' AIRFLOW_CTX_TRY_NUMBER='1' AIRFLOW_CTX_DAG_RUN_ID='scheduled__2026-02-05T05:00:00+00:00'
[2026-02-05T06:00:10.837+0000] {taskinstance.py:731} INFO - ::endgroup::
[2026-02-05T06:00:10.867+0000] {subprocess.py:63} INFO - Tmp dir root location: /tmp
[2026-02-05T06:00:10.869+0000] {subprocess.py:75} INFO - Running command: ['/usr/bin/bash', '-c', "python -m venv /tmp/dbt_env && source /tmp/dbt_env/bin/activate && pip install dbt-postgres && printf 'crypto_analytics:\n  target: dev\n  outputs:\n    dev:\n      type: postgres\n      host: postgres_dw\n      user: ***\n      password: ***\n      port: 5432\n      dbname: crypto_db\n      schema: public\n      threads: 1\n' > /opt/***/dbt/profiles.yml && cd /opt/***/dbt && dbt run --profiles-dir ."]
[2026-02-05T06:00:10.883+0000] {subprocess.py:86} INFO - Output:
[2026-02-05T06:00:17.757+0000] {subprocess.py:93} INFO - Requirement already satisfied: dbt-postgres in /tmp/dbt_env/lib/python3.12/site-packages (1.10.0)
[2026-02-05T06:00:17.759+0000] {subprocess.py:93} INFO - Requirement already satisfied: agate<2.0,>=1.0 in /tmp/dbt_env/lib/python3.12/site-packages (from dbt-postgres) (1.9.1)
[2026-02-05T06:00:17.760+0000] {subprocess.py:93} INFO - Requirement already satisfied: dbt-adapters<2.0,>=1.19.0 in /tmp/dbt_env/lib/python3.12/site-packages (from dbt-postgres) (1.22.5)
[2026-02-05T06:00:17.761+0000] {subprocess.py:93} INFO - Requirement already satisfied: dbt-common<2.0,>=1.0.4 in /tmp/dbt_env/lib/python3.12/site-packages (from dbt-postgres) (1.37.2)
[2026-02-05T06:00:17.762+0000] {subprocess.py:93} INFO - Requirement already satisfied: dbt-core>=1.8.0rc1 in /tmp/dbt_env/lib/python3.12/site-packages (from dbt-postgres) (1.11.2)
[2026-02-05T06:00:17.763+0000] {subprocess.py:93} INFO - Requirement already satisfied: psycopg2-binary<3.0,>=2.9 in /tmp/dbt_env/lib/python3.12/site-packages (from dbt-postgres) (2.9.11)
[2026-02-05T06:00:17.768+0000] {subprocess.py:93} INFO - Requirement already satisfied: Babel>=2.0 in /tmp/dbt_env/lib/python3.12/site-packages (from agate<2.0,>=1.0->dbt-postgres) (2.18.0)
[2026-02-05T06:00:17.769+0000] {subprocess.py:93} INFO - Requirement already satisfied: isodate>=0.5.4 in /tmp/dbt_env/lib/python3.12/site-packages (from agate<2.0,>=1.0->dbt-postgres) (0.7.2)
[2026-02-05T06:00:17.770+0000] {subprocess.py:93} INFO - Requirement already satisfied: leather>=0.3.2 in /tmp/dbt_env/lib/python3.12/site-packages (from agate<2.0,>=1.0->dbt-postgres) (0.4.1)
[2026-02-05T06:00:17.771+0000] {subprocess.py:93} INFO - Requirement already satisfied: parsedatetime!=2.5,>=2.1 in /tmp/dbt_env/lib/python3.12/site-packages (from agate<2.0,>=1.0->dbt-postgres) (2.6)
[2026-02-05T06:00:17.772+0000] {subprocess.py:93} INFO - Requirement already satisfied: python-slugify>=1.2.1 in /tmp/dbt_env/lib/python3.12/site-packages (from agate<2.0,>=1.0->dbt-postgres) (8.0.4)
[2026-02-05T06:00:17.773+0000] {subprocess.py:93} INFO - Requirement already satisfied: pytimeparse>=1.1.5 in /tmp/dbt_env/lib/python3.12/site-packages (from agate<2.0,>=1.0->dbt-postgres) (1.1.8)
[2026-02-05T06:00:17.780+0000] {subprocess.py:93} INFO - Requirement already satisfied: dbt-protos<2.0,>=1.0.291 in /tmp/dbt_env/lib/python3.12/site-packages (from dbt-adapters<2.0,>=1.19.0->dbt-postgres) (1.0.427)
[2026-02-05T06:00:17.781+0000] {subprocess.py:93} INFO - Requirement already satisfied: mashumaro<3.15,>=3.9 in /tmp/dbt_env/lib/python3.12/site-packages (from mashumaro[msgpack]<3.15,>=3.9->dbt-adapters<2.0,>=1.19.0->dbt-postgres) (3.14)
[2026-02-05T06:00:17.782+0000] {subprocess.py:93} INFO - Requirement already satisfied: protobuf<7.0,>=6.0 in /tmp/dbt_env/lib/python3.12/site-packages (from dbt-adapters<2.0,>=1.19.0->dbt-postgres) (6.33.5)
[2026-02-05T06:00:17.783+0000] {subprocess.py:93} INFO - Requirement already satisfied: pytz>=2015.7 in /tmp/dbt_env/lib/python3.12/site-packages (from dbt-adapters<2.0,>=1.19.0->dbt-postgres) (2025.2)
[2026-02-05T06:00:17.784+0000] {subprocess.py:93} INFO - Requirement already satisfied: typing-extensions<5.0,>=4.0 in /tmp/dbt_env/lib/python3.12/site-packages (from dbt-adapters<2.0,>=1.19.0->dbt-postgres) (4.15.0)
[2026-02-05T06:00:17.803+0000] {subprocess.py:93} INFO - Requirement already satisfied: colorama<0.5,>=0.3.9 in /tmp/dbt_env/lib/python3.12/site-packages (from dbt-common<2.0,>=1.0.4->dbt-postgres) (0.4.6)
[2026-02-05T06:00:17.804+0000] {subprocess.py:93} INFO - Requirement already satisfied: deepdiff<9.0,>=7.0 in /tmp/dbt_env/lib/python3.12/site-packages (from dbt-common<2.0,>=1.0.4->dbt-postgres) (8.6.1)
[2026-02-05T06:00:17.805+0000] {subprocess.py:93} INFO - Requirement already satisfied: jinja2<4,>=3.1.3 in /tmp/dbt_env/lib/python3.12/site-packages (from dbt-common<2.0,>=1.0.4->dbt-postgres) (3.1.6)
[2026-02-05T06:00:17.806+0000] {subprocess.py:93} INFO - Requirement already satisfied: jsonschema<5.0,>=4.0 in /tmp/dbt_env/lib/python3.12/site-packages (from dbt-common<2.0,>=1.0.4->dbt-postgres) (4.26.0)
[2026-02-05T06:00:17.807+0000] {subprocess.py:93} INFO - Requirement already satisfied: pathspec<0.13,>=0.9 in /tmp/dbt_env/lib/python3.12/site-packages (from dbt-common<2.0,>=1.0.4->dbt-postgres) (0.12.1)
[2026-02-05T06:00:17.808+0000] {subprocess.py:93} INFO - Requirement already satisfied: python-dateutil<3.0,>=2.0 in /tmp/dbt_env/lib/python3.12/site-packages (from dbt-common<2.0,>=1.0.4->dbt-postgres) (2.9.0.post0)
[2026-02-05T06:00:17.809+0000] {subprocess.py:93} INFO - Requirement already satisfied: requests<3.0.0 in /tmp/dbt_env/lib/python3.12/site-packages (from dbt-common<2.0,>=1.0.4->dbt-postgres) (2.32.5)
[2026-02-05T06:00:17.816+0000] {subprocess.py:93} INFO - Requirement already satisfied: click<9.0,>=8.2.0 in /tmp/dbt_env/lib/python3.12/site-packages (from dbt-core>=1.8.0rc1->dbt-postgres) (8.3.1)
[2026-02-05T06:00:17.817+0000] {subprocess.py:93} INFO - Requirement already satisfied: daff>=1.3.46 in /tmp/dbt_env/lib/python3.12/site-packages (from dbt-core>=1.8.0rc1->dbt-postgres) (1.4.2)
[2026-02-05T06:00:17.818+0000] {subprocess.py:93} INFO - Requirement already satisfied: dbt-extractor<=0.6,>=0.5.0 in /tmp/dbt_env/lib/python3.12/site-packages (from dbt-core>=1.8.0rc1->dbt-postgres) (0.6.0)
[2026-02-05T06:00:17.819+0000] {subprocess.py:93} INFO - Requirement already satisfied: dbt-semantic-interfaces<0.10,>=0.9.0 in /tmp/dbt_env/lib/python3.12/site-packages (from dbt-core>=1.8.0rc1->dbt-postgres) (0.9.0)
[2026-02-05T06:00:17.822+0000] {subprocess.py:93} INFO - Requirement already satisfied: networkx<4.0,>=2.3 in /tmp/dbt_env/lib/python3.12/site-packages (from dbt-core>=1.8.0rc1->dbt-postgres) (3.6.1)
[2026-02-05T06:00:17.822+0000] {subprocess.py:93} INFO - Requirement already satisfied: packaging>20.9 in /tmp/dbt_env/lib/python3.12/site-packages (from dbt-core>=1.8.0rc1->dbt-postgres) (26.0)
[2026-02-05T06:00:17.823+0000] {subprocess.py:93} INFO - Requirement already satisfied: pydantic<3 in /tmp/dbt_env/lib/python3.12/site-packages (from dbt-core>=1.8.0rc1->dbt-postgres) (2.12.5)
[2026-02-05T06:00:17.824+0000] {subprocess.py:93} INFO - Requirement already satisfied: pyyaml>=6.0 in /tmp/dbt_env/lib/python3.12/site-packages (from dbt-core>=1.8.0rc1->dbt-postgres) (6.0.3)
[2026-02-05T06:00:17.827+0000] {subprocess.py:93} INFO - Requirement already satisfied: snowplow-tracker<2.0,>=1.0.2 in /tmp/dbt_env/lib/python3.12/site-packages (from dbt-core>=1.8.0rc1->dbt-postgres) (1.1.0)
[2026-02-05T06:00:17.828+0000] {subprocess.py:93} INFO - Requirement already satisfied: sqlparse<0.5.5,>=0.5.0 in /tmp/dbt_env/lib/python3.12/site-packages (from dbt-core>=1.8.0rc1->dbt-postgres) (0.5.4)
[2026-02-05T06:00:17.849+0000] {subprocess.py:93} INFO - Requirement already satisfied: importlib-metadata<9,>=6.0 in /tmp/dbt_env/lib/python3.12/site-packages (from dbt-semantic-interfaces<0.10,>=0.9.0->dbt-core>=1.8.0rc1->dbt-postgres) (8.7.1)
[2026-02-05T06:00:17.851+0000] {subprocess.py:93} INFO - Requirement already satisfied: more-itertools<11.0,>=8.0 in /tmp/dbt_env/lib/python3.12/site-packages (from dbt-semantic-interfaces<0.10,>=0.9.0->dbt-core>=1.8.0rc1->dbt-postgres) (10.8.0)
[2026-02-05T06:00:17.861+0000] {subprocess.py:93} INFO - Requirement already satisfied: orderly-set<6,>=5.4.1 in /tmp/dbt_env/lib/python3.12/site-packages (from deepdiff<9.0,>=7.0->dbt-common<2.0,>=1.0.4->dbt-postgres) (5.5.0)
[2026-02-05T06:00:17.869+0000] {subprocess.py:93} INFO - Requirement already satisfied: MarkupSafe>=2.0 in /tmp/dbt_env/lib/python3.12/site-packages (from jinja2<4,>=3.1.3->dbt-common<2.0,>=1.0.4->dbt-postgres) (3.0.3)
[2026-02-05T06:00:17.875+0000] {subprocess.py:93} INFO - Requirement already satisfied: attrs>=22.2.0 in /tmp/dbt_env/lib/python3.12/site-packages (from jsonschema<5.0,>=4.0->dbt-common<2.0,>=1.0.4->dbt-postgres) (25.4.0)
[2026-02-05T06:00:17.876+0000] {subprocess.py:93} INFO - Requirement already satisfied: jsonschema-specifications>=2023.03.6 in /tmp/dbt_env/lib/python3.12/site-packages (from jsonschema<5.0,>=4.0->dbt-common<2.0,>=1.0.4->dbt-postgres) (2025.9.1)
[2026-02-05T06:00:17.877+0000] {subprocess.py:93} INFO - Requirement already satisfied: referencing>=0.28.4 in /tmp/dbt_env/lib/python3.12/site-packages (from jsonschema<5.0,>=4.0->dbt-common<2.0,>=1.0.4->dbt-postgres) (0.37.0)
[2026-02-05T06:00:17.877+0000] {subprocess.py:93} INFO - Requirement already satisfied: rpds-py>=0.25.0 in /tmp/dbt_env/lib/python3.12/site-packages (from jsonschema<5.0,>=4.0->dbt-common<2.0,>=1.0.4->dbt-postgres) (0.30.0)
[2026-02-05T06:00:17.893+0000] {subprocess.py:93} INFO - Requirement already satisfied: msgpack>=0.5.6 in /tmp/dbt_env/lib/python3.12/site-packages (from mashumaro[msgpack]<3.15,>=3.9->dbt-adapters<2.0,>=1.19.0->dbt-postgres) (1.1.2)
[2026-02-05T06:00:17.926+0000] {subprocess.py:93} INFO - Requirement already satisfied: annotated-types>=0.6.0 in /tmp/dbt_env/lib/python3.12/site-packages (from pydantic<3->dbt-core>=1.8.0rc1->dbt-postgres) (0.7.0)
[2026-02-05T06:00:17.927+0000] {subprocess.py:93} INFO - Requirement already satisfied: pydantic-core==2.41.5 in /tmp/dbt_env/lib/python3.12/site-packages (from pydantic<3->dbt-core>=1.8.0rc1->dbt-postgres) (2.41.5)
[2026-02-05T06:00:17.928+0000] {subprocess.py:93} INFO - Requirement already satisfied: typing-inspection>=0.4.2 in /tmp/dbt_env/lib/python3.12/site-packages (from pydantic<3->dbt-core>=1.8.0rc1->dbt-postgres) (0.4.2)
[2026-02-05T06:00:17.936+0000] {subprocess.py:93} INFO - Requirement already satisfied: six>=1.5 in /tmp/dbt_env/lib/python3.12/site-packages (from python-dateutil<3.0,>=2.0->dbt-common<2.0,>=1.0.4->dbt-postgres) (1.17.0)
[2026-02-05T06:00:17.941+0000] {subprocess.py:93} INFO - Requirement already satisfied: text-unidecode>=1.3 in /tmp/dbt_env/lib/python3.12/site-packages (from python-slugify>=1.2.1->agate<2.0,>=1.0->dbt-postgres) (1.3)
[2026-02-05T06:00:17.956+0000] {subprocess.py:93} INFO - Requirement already satisfied: charset_normalizer<4,>=2 in /tmp/dbt_env/lib/python3.12/site-packages (from requests<3.0.0->dbt-common<2.0,>=1.0.4->dbt-postgres) (3.4.4)
[2026-02-05T06:00:17.957+0000] {subprocess.py:93} INFO - Requirement already satisfied: idna<4,>=2.5 in /tmp/dbt_env/lib/python3.12/site-packages (from requests<3.0.0->dbt-common<2.0,>=1.0.4->dbt-postgres) (3.11)
[2026-02-05T06:00:17.958+0000] {subprocess.py:93} INFO - Requirement already satisfied: urllib3<3,>=1.21.1 in /tmp/dbt_env/lib/python3.12/site-packages (from requests<3.0.0->dbt-common<2.0,>=1.0.4->dbt-postgres) (2.6.3)
[2026-02-05T06:00:17.959+0000] {subprocess.py:93} INFO - Requirement already satisfied: certifi>=2017.4.17 in /tmp/dbt_env/lib/python3.12/site-packages (from requests<3.0.0->dbt-common<2.0,>=1.0.4->dbt-postgres) (2026.1.4)
[2026-02-05T06:00:17.999+0000] {subprocess.py:93} INFO - Requirement already satisfied: zipp>=3.20 in /tmp/dbt_env/lib/python3.12/site-packages (from importlib-metadata<9,>=6.0->dbt-semantic-interfaces<0.10,>=0.9.0->dbt-core>=1.8.0rc1->dbt-postgres) (3.23.0)
[2026-02-05T06:00:18.190+0000] {subprocess.py:93} INFO - 
[2026-02-05T06:00:18.192+0000] {subprocess.py:93} INFO - [notice] A new release of pip is available: 24.2 -> 26.0.1
[2026-02-05T06:00:18.192+0000] {subprocess.py:93} INFO - [notice] To update, run: pip install --upgrade pip
[2026-02-05T06:00:23.759+0000] {subprocess.py:93} INFO - [0m06:00:23  Running with dbt=1.11.2
[2026-02-05T06:00:24.252+0000] {subprocess.py:93} INFO - [0m06:00:24  Registered adapter: postgres=1.10.0
[2026-02-05T06:00:24.971+0000] {subprocess.py:93} INFO - [0m06:00:24  Found 2 models, 1 source, 464 macros
[2026-02-05T06:00:24.977+0000] {subprocess.py:93} INFO - [0m06:00:24
[2026-02-05T06:00:24.979+0000] {subprocess.py:93} INFO - [0m06:00:24  Concurrency: 1 threads (target='dev')
[2026-02-05T06:00:24.980+0000] {subprocess.py:93} INFO - [0m06:00:24
[2026-02-05T06:00:25.145+0000] {subprocess.py:93} INFO - [0m06:00:25  1 of 2 START sql view model public.stg_crypto_prices ........................... [RUN]
[2026-02-05T06:00:25.330+0000] {subprocess.py:93} INFO - [0m06:00:25  1 of 2 OK created sql view model public.stg_crypto_prices ...................... [[32mCREATE VIEW[0m in 0.18s]
[2026-02-05T06:00:25.348+0000] {subprocess.py:93} INFO - [0m06:00:25  2 of 2 START sql view model public.avg_price_analytics ......................... [RUN]
[2026-02-05T06:00:25.432+0000] {subprocess.py:93} INFO - [0m06:00:25  2 of 2 OK created sql view model public.avg_price_analytics .................... [[32mCREATE VIEW[0m in 0.08s]
[2026-02-05T06:00:25.449+0000] {subprocess.py:93} INFO - [0m06:00:25
[2026-02-05T06:00:25.449+0000] {subprocess.py:93} INFO - [0m06:00:25  Finished running 2 view models in 0 hours 0 minutes and 0.47 seconds (0.47s).
[2026-02-05T06:00:25.533+0000] {subprocess.py:93} INFO - [0m06:00:25
[2026-02-05T06:00:25.537+0000] {subprocess.py:93} INFO - [0m06:00:25  [32mCompleted successfully[0m
[2026-02-05T06:00:25.539+0000] {subprocess.py:93} INFO - [0m06:00:25
[2026-02-05T06:00:25.540+0000] {subprocess.py:93} INFO - [0m06:00:25  Done. PASS=2 WARN=0 ERROR=0 SKIP=0 NO-OP=0 TOTAL=2
[2026-02-05T06:00:27.192+0000] {subprocess.py:97} INFO - Command exited with return code 0
[2026-02-05T06:00:27.216+0000] {taskinstance.py:340} INFO - ::group::Post task execution logs
[2026-02-05T06:00:27.217+0000] {taskinstance.py:352} INFO - Marking task as SUCCESS. dag_id=crypto_etl_pipeline, task_id=dbt_transform, run_id=scheduled__2026-02-05T05:00:00+00:00, execution_date=20260205T050000, start_date=20260205T060010, end_date=20260205T060027
[2026-02-05T06:00:27.238+0000] {local_task_job_runner.py:266} INFO - Task exited with return code 0
[2026-02-05T06:00:27.254+0000] {taskinstance.py:3900} INFO - 0 downstream tasks scheduled from follow-on schedule check
[2026-02-05T06:00:27.257+0000] {local_task_job_runner.py:245} INFO - ::endgroup::
