[2026-02-05T07:06:28.653+0000] {local_task_job_runner.py:123} INFO - ::group::Pre task execution logs
[2026-02-05T07:06:28.669+0000] {taskinstance.py:2612} INFO - Dependencies all met for dep_context=non-requeueable deps ti=<TaskInstance: crypto_etl_pipeline.process_data scheduled__2026-02-05T06:00:00+00:00 [queued]>
[2026-02-05T07:06:28.677+0000] {taskinstance.py:2612} INFO - Dependencies all met for dep_context=requeueable deps ti=<TaskInstance: crypto_etl_pipeline.process_data scheduled__2026-02-05T06:00:00+00:00 [queued]>
[2026-02-05T07:06:28.678+0000] {taskinstance.py:2865} INFO - Starting attempt 2 of 2
[2026-02-05T07:06:28.690+0000] {taskinstance.py:2888} INFO - Executing <Task(PythonOperator): process_data> on 2026-02-05 06:00:00+00:00
[2026-02-05T07:06:28.700+0000] {logging_mixin.py:190} WARNING - /home/***/.local/lib/python3.12/site-packages/***/task/task_runner/standard_task_runner.py:70 DeprecationWarning: This process (pid=260) is multi-threaded, use of fork() may lead to deadlocks in the child.
[2026-02-05T07:06:28.702+0000] {standard_task_runner.py:72} INFO - Started process 262 to run task
[2026-02-05T07:06:28.700+0000] {standard_task_runner.py:104} INFO - Running: ['***', 'tasks', 'run', 'crypto_etl_pipeline', 'process_data', 'scheduled__2026-02-05T06:00:00+00:00', '--job-id', '4', '--raw', '--subdir', 'DAGS_FOLDER/crypto_pipeline.py', '--cfg-path', '/tmp/tmpqck63fjd']
[2026-02-05T07:06:28.704+0000] {standard_task_runner.py:105} INFO - Job 4: Subtask process_data
[2026-02-05T07:06:28.721+0000] {logging_mixin.py:190} WARNING - /home/***/.local/lib/python3.12/site-packages/***/settings.py:209 DeprecationWarning: The sql_alchemy_conn option in [core] has been moved to the sql_alchemy_conn option in [database] - the old setting has been used, but please update your config.
[2026-02-05T07:06:28.762+0000] {task_command.py:467} INFO - Running <TaskInstance: crypto_etl_pipeline.process_data scheduled__2026-02-05T06:00:00+00:00 [running]> on host 0cdc7586e174
[2026-02-05T07:06:28.763+0000] {logging_mixin.py:190} WARNING - /home/***/.local/lib/python3.12/site-packages/***/settings.py:470 DeprecationWarning: The sql_alchemy_conn option in [core] has been moved to the sql_alchemy_conn option in [database] - the old setting has been used, but please update your config.
[2026-02-05T07:06:28.843+0000] {taskinstance.py:3131} INFO - Exporting env vars: AIRFLOW_CTX_DAG_OWNER='***' AIRFLOW_CTX_DAG_ID='crypto_etl_pipeline' AIRFLOW_CTX_TASK_ID='process_data' AIRFLOW_CTX_EXECUTION_DATE='2026-02-05T06:00:00+00:00' AIRFLOW_CTX_TRY_NUMBER='2' AIRFLOW_CTX_DAG_RUN_ID='scheduled__2026-02-05T06:00:00+00:00'
[2026-02-05T07:06:28.844+0000] {taskinstance.py:731} INFO - ::endgroup::
[2026-02-05T07:06:28.986+0000] {logging_mixin.py:190} INFO - 📥 Downloading raw data from S3...
[2026-02-05T07:06:30.249+0000] {logging_mixin.py:190} INFO - ✅ Transformed 100 rows. Ready to Load.
[2026-02-05T07:06:30.259+0000] {logging_mixin.py:190} INFO -   symbol      name     price_usd    volume_24h  rank                captured_at
0    btc   Bitcoin  70779.000000  8.967473e+10     1 2026-02-05 07:06:30.248076
1    eth  Ethereum   2082.360000  5.154613e+10     2 2026-02-05 07:06:30.248076
2   usdt    Tether      0.998163  1.491488e+11     3 2026-02-05 07:06:30.248076
3    bnb       BNB    690.330000  2.913262e+09     4 2026-02-05 07:06:30.248076
4    xrp       XRP      1.420000  5.686947e+09     5 2026-02-05 07:06:30.248076
[2026-02-05T07:06:30.267+0000] {base.py:84} INFO - Retrieving connection 'postgres_dw'
[2026-02-05T07:06:30.269+0000] {logging_mixin.py:190} INFO - 📤 Loading data to Postgres...
[2026-02-05T07:06:30.280+0000] {base.py:84} INFO - Retrieving connection 'postgres_dw'
[2026-02-05T07:06:30.300+0000] {logging_mixin.py:190} INFO - 🏆 Data Loaded Successfully!
[2026-02-05T07:06:30.303+0000] {python.py:240} INFO - Done. Returned value was: None
[2026-02-05T07:06:30.311+0000] {taskinstance.py:340} INFO - ::group::Post task execution logs
[2026-02-05T07:06:30.311+0000] {taskinstance.py:352} INFO - Marking task as SUCCESS. dag_id=crypto_etl_pipeline, task_id=process_data, run_id=scheduled__2026-02-05T06:00:00+00:00, execution_date=20260205T060000, start_date=20260205T070628, end_date=20260205T070630
[2026-02-05T07:06:30.366+0000] {local_task_job_runner.py:266} INFO - Task exited with return code 0
[2026-02-05T07:06:30.383+0000] {taskinstance.py:3900} INFO - 1 downstream tasks scheduled from follow-on schedule check
[2026-02-05T07:06:30.386+0000] {local_task_job_runner.py:245} INFO - ::endgroup::
