[0m11:18:16.123663 [debug] [MainThread]: Sending event: {'category': 'dbt', 'action': 'invocation', 'label': 'start', 'context': [<snowplow_tracker.self_describing_json.SelfDescribingJson object at 0x000001DCBEDA7CB0>, <snowplow_tracker.self_describing_json.SelfDescribingJson object at 0x000001DCBC9FCA50>, <snowplow_tracker.self_describing_json.SelfDescribingJson object at 0x000001DCC0FFFC50>]}


============================== 11:18:16.130281 | 431f8dd5-d355-494e-9dc0-e7edec2a2446 ==============================
[0m11:18:16.130281 [info ] [MainThread]: Running with dbt=1.11.2
[0m11:18:16.131248 [debug] [MainThread]: running dbt with arguments {'invocation_command': 'dbt init crypto_analytics', 'version_check': 'True', 'quiet': 'False', 'warn_error_options': 'WarnErrorOptionsV2(error=[], warn=[], silence=[])', 'printer_width': '80', 'target_path': 'None', 'indirect_selection': 'eager', 'send_anonymous_usage_stats': 'True', 'cache_selected_only': 'False', 'static_parser': 'True', 'log_cache_events': 'False', 'log_path': 'logs', 'profiles_dir': 'C:\\Users\\admin\\.dbt', 'write_json': 'True', 'empty': 'None', 'use_colors': 'True', 'introspect': 'True', 'warn_error': 'None', 'partial_parse': 'True', 'use_experimental_parser': 'False', 'no_print': 'None', 'debug': 'False', 'fail_fast': 'False', 'log_format': 'default'}
[0m11:18:16.154856 [info ] [MainThread]: Creating dbt configuration folder at C:\Users\admin\.dbt
[0m11:18:16.157992 [debug] [MainThread]: Starter project path: C:\Users\admin\AppData\Local\Programs\Python\Python313\Lib\site-packages\dbt\include\starter_project
[0m11:18:16.205410 [info ] [MainThread]: 
Your new dbt project "crypto_analytics" was created!

For more information on how to configure the profiles.yml file,
please consult the dbt documentation here:

  https://docs.getdbt.com/docs/configure-your-profile

One more thing:

Need help? Don't hesitate to reach out to us via GitHub issues or on Slack:

  https://community.getdbt.com/

Happy modeling!

[0m11:18:16.206232 [info ] [MainThread]: Setting up your profile.
[0m11:19:13.076745 [info ] [MainThread]: Profile crypto_analytics written to C:\Users\admin\.dbt\profiles.yml using target's profile_template.yml and your supplied values. Run 'dbt debug' to validate the connection.
[0m11:19:13.078019 [debug] [MainThread]: Command `dbt init` succeeded at 11:19:13.077870 after 57.07 seconds
[0m11:19:13.078473 [debug] [MainThread]: Sending event: {'category': 'dbt', 'action': 'invocation', 'label': 'end', 'context': [<snowplow_tracker.self_describing_json.SelfDescribingJson object at 0x000001DCC103FCE0>, <snowplow_tracker.self_describing_json.SelfDescribingJson object at 0x000001DCC12B8DD0>, <snowplow_tracker.self_describing_json.SelfDescribingJson object at 0x000001DCBFEAFCE0>]}
[0m11:19:13.078870 [debug] [MainThread]: Flushing usage events
[0m11:19:14.388576 [debug] [MainThread]: An error was encountered while trying to flush usage events
[0m11:32:52.948477 [debug] [MainThread]: Sending event: {'category': 'dbt', 'action': 'invocation', 'label': 'start', 'context': [<snowplow_tracker.self_describing_json.SelfDescribingJson object at 0x000001AE2058FCB0>, <snowplow_tracker.self_describing_json.SelfDescribingJson object at 0x000001AE1E1DCA50>, <snowplow_tracker.self_describing_json.SelfDescribingJson object at 0x000001AE227DFC50>]}


============================== 11:32:52.954788 | c7477a0c-3b86-472a-ae89-ab655f5c3aaf ==============================
[0m11:32:52.954788 [info ] [MainThread]: Running with dbt=1.11.2
[0m11:32:52.955731 [debug] [MainThread]: running dbt with arguments {'invocation_command': 'dbt debug', 'version_check': 'True', 'warn_error_options': 'WarnErrorOptionsV2(error=[], warn=[], silence=[])', 'quiet': 'False', 'printer_width': '80', 'target_path': 'None', 'indirect_selection': 'eager', 'send_anonymous_usage_stats': 'True', 'use_colors': 'True', 'static_parser': 'True', 'log_cache_events': 'False', 'log_path': 'logs', 'warn_error': 'None', 'profiles_dir': 'C:\\Users\\admin\\.dbt', 'empty': 'None', 'cache_selected_only': 'False', 'write_json': 'True', 'introspect': 'True', 'partial_parse': 'True', 'use_experimental_parser': 'False', 'no_print': 'None', 'debug': 'False', 'log_format': 'default', 'fail_fast': 'False'}
[0m11:32:52.991765 [info ] [MainThread]: dbt version: 1.11.2
[0m11:32:52.992431 [info ] [MainThread]: python version: 3.13.2
[0m11:32:52.992928 [info ] [MainThread]: python path: C:\Users\admin\AppData\Local\Programs\Python\Python313\python.exe
[0m11:32:52.993400 [info ] [MainThread]: os info: Windows-11-10.0.26200-SP0
[0m11:32:53.082459 [info ] [MainThread]: Using profiles dir at C:\Users\admin\.dbt
[0m11:32:53.083064 [info ] [MainThread]: Using profiles.yml file at C:\Users\admin\.dbt\profiles.yml
[0m11:32:53.083510 [info ] [MainThread]: Using dbt_project.yml file at C:\Users\admin\CU\DE\project\The Crypto Market Data Warehouse\dbt_project.yml
[0m11:32:53.084880 [info ] [MainThread]: adapter type: postgres
[0m11:32:53.085389 [info ] [MainThread]: adapter version: 1.10.0
[0m11:32:53.085843 [info ] [MainThread]: Configuration:
[0m11:32:53.086197 [info ] [MainThread]:   profiles.yml file [[32mOK found and valid[0m]
[0m11:32:53.086611 [info ] [MainThread]:   dbt_project.yml file [[31mERROR not found[0m]
[0m11:32:53.087029 [info ] [MainThread]: Required dependencies:
[0m11:32:53.087456 [debug] [MainThread]: Executing "git --help"
[0m11:32:53.151643 [debug] [MainThread]: STDOUT: "b"usage: git [-v | --version] [-h | --help] [-C <path>] [-c <name>=<value>]\n           [--exec-path[=<path>]] [--html-path] [--man-path] [--info-path]\n           [-p | --paginate | -P | --no-pager] [--no-replace-objects] [--no-lazy-fetch]\n           [--no-optional-locks] [--no-advice] [--bare] [--git-dir=<path>]\n           [--work-tree=<path>] [--namespace=<name>] [--config-env=<name>=<envvar>]\n           <command> [<args>]\n\nThese are common Git commands used in various situations:\n\nstart a working area (see also: git help tutorial)\n   clone      Clone a repository into a new directory\n   init       Create an empty Git repository or reinitialize an existing one\n\nwork on the current change (see also: git help everyday)\n   add        Add file contents to the index\n   mv         Move or rename a file, a directory, or a symlink\n   restore    Restore working tree files\n   rm         Remove files from the working tree and from the index\n\nexamine the history and state (see also: git help revisions)\n   bisect     Use binary search to find the commit that introduced a bug\n   diff       Show changes between commits, commit and working tree, etc\n   grep       Print lines matching a pattern\n   log        Show commit logs\n   show       Show various types of objects\n   status     Show the working tree status\n\ngrow, mark and tweak your common history\n   backfill   Download missing objects in a partial clone\n   branch     List, create, or delete branches\n   commit     Record changes to the repository\n   merge      Join two or more development histories together\n   rebase     Reapply commits on top of another base tip\n   reset      Reset current HEAD to the specified state\n   switch     Switch branches\n   tag        Create, list, delete or verify tags\n\ncollaborate (see also: git help workflows)\n   fetch      Download objects and refs from another repository\n   pull       Fetch from and integrate with another repository or a local branch\n   push       Update remote refs along with associated objects\n\n'git help -a' and 'git help -g' list available subcommands and some\nconcept guides. See 'git help <command>' or 'git help <concept>'\nto read about a specific subcommand or concept.\nSee 'git help git' for an overview of the system.\n""
[0m11:32:53.152216 [debug] [MainThread]: STDERR: "b''"
[0m11:32:53.152749 [info ] [MainThread]:  - git [[32mOK found[0m]

[0m11:32:53.153450 [info ] [MainThread]: Connection:
[0m11:32:53.154074 [info ] [MainThread]:   host: localhost
[0m11:32:53.154766 [info ] [MainThread]:   port: 5435
[0m11:32:53.155884 [info ] [MainThread]:   user: airflow
[0m11:32:53.156873 [info ] [MainThread]:   database: crypto_db
[0m11:32:53.157658 [info ] [MainThread]:   schema: public
[0m11:32:53.158291 [info ] [MainThread]:   connect_timeout: 10
[0m11:32:53.159184 [info ] [MainThread]:   role: None
[0m11:32:53.160046 [info ] [MainThread]:   search_path: None
[0m11:32:53.161017 [info ] [MainThread]:   keepalives_idle: 0
[0m11:32:53.161775 [info ] [MainThread]:   sslmode: None
[0m11:32:53.162416 [info ] [MainThread]:   sslcert: None
[0m11:32:53.163087 [info ] [MainThread]:   sslkey: None
[0m11:32:53.163963 [info ] [MainThread]:   sslrootcert: None
[0m11:32:53.164885 [info ] [MainThread]:   application_name: dbt
[0m11:32:53.165840 [info ] [MainThread]:   retries: 1
[0m11:32:53.167144 [info ] [MainThread]: Registered adapter: postgres=1.10.0
[0m11:32:53.567242 [debug] [MainThread]: Acquiring new postgres connection 'debug'
[0m11:32:53.687487 [debug] [MainThread]: Using postgres connection "debug"
[0m11:32:53.687906 [debug] [MainThread]: On debug: select 1 as id
[0m11:32:53.688300 [debug] [MainThread]: Opening a new connection, currently in state init
[0m11:32:53.754224 [debug] [MainThread]: SQL status: SELECT 1 in 0.066 seconds
[0m11:32:53.756592 [debug] [MainThread]: On debug: Close
[0m11:32:53.757945 [info ] [MainThread]:   Connection test: [[32mOK connection ok[0m]

[0m11:32:53.762378 [info ] [MainThread]: [31m1 check failed:[0m
[0m11:32:53.763748 [info ] [MainThread]: Project loading failed for the following reason:
 project path <C:\Users\admin\CU\DE\project\The Crypto Market Data Warehouse\dbt_project.yml> not found

[0m11:32:53.767914 [debug] [MainThread]: Command `dbt debug` failed at 11:32:53.767648 after 0.98 seconds
[0m11:32:53.768637 [debug] [MainThread]: Connection 'debug' was properly closed.
[0m11:32:53.769193 [debug] [MainThread]: Sending event: {'category': 'dbt', 'action': 'invocation', 'label': 'end', 'context': [<snowplow_tracker.self_describing_json.SelfDescribingJson object at 0x000001AE229DA060>, <snowplow_tracker.self_describing_json.SelfDescribingJson object at 0x000001AE22B18A70>, <snowplow_tracker.self_describing_json.SelfDescribingJson object at 0x000001AE22877CE0>]}
[0m11:32:53.769695 [debug] [MainThread]: Flushing usage events
[0m11:32:54.908448 [debug] [MainThread]: An error was encountered while trying to flush usage events
