[2026-02-05T07:09:04.783+0000] {local_task_job_runner.py:123} INFO - ::group::Pre task execution logs
[2026-02-05T07:09:04.798+0000] {taskinstance.py:2612} INFO - Dependencies all met for dep_context=non-requeueable deps ti=<TaskInstance: crypto_etl_pipeline.process_data manual__2026-02-05T07:08:59.848540+00:00 [queued]>
[2026-02-05T07:09:04.805+0000] {taskinstance.py:2612} INFO - Dependencies all met for dep_context=requeueable deps ti=<TaskInstance: crypto_etl_pipeline.process_data manual__2026-02-05T07:08:59.848540+00:00 [queued]>
[2026-02-05T07:09:04.806+0000] {taskinstance.py:2865} INFO - Starting attempt 1 of 1
[2026-02-05T07:09:04.821+0000] {taskinstance.py:2888} INFO - Executing <Task(PythonOperator): process_data> on 2026-02-05 07:08:59.848540+00:00
[2026-02-05T07:09:04.831+0000] {logging_mixin.py:190} WARNING - /home/***/.local/lib/python3.12/site-packages/***/task/task_runner/standard_task_runner.py:70 DeprecationWarning: This process (pid=353) is multi-threaded, use of fork() may lead to deadlocks in the child.
[2026-02-05T07:09:04.832+0000] {standard_task_runner.py:72} INFO - Started process 355 to run task
[2026-02-05T07:09:04.831+0000] {standard_task_runner.py:104} INFO - Running: ['***', 'tasks', 'run', 'crypto_etl_pipeline', 'process_data', 'manual__2026-02-05T07:08:59.848540+00:00', '--job-id', '7', '--raw', '--subdir', 'DAGS_FOLDER/crypto_pipeline.py', '--cfg-path', '/tmp/tmp84ja014n']
[2026-02-05T07:09:04.834+0000] {standard_task_runner.py:105} INFO - Job 7: Subtask process_data
[2026-02-05T07:09:04.847+0000] {logging_mixin.py:190} WARNING - /home/***/.local/lib/python3.12/site-packages/***/settings.py:209 DeprecationWarning: The sql_alchemy_conn option in [core] has been moved to the sql_alchemy_conn option in [database] - the old setting has been used, but please update your config.
[2026-02-05T07:09:04.882+0000] {task_command.py:467} INFO - Running <TaskInstance: crypto_etl_pipeline.process_data manual__2026-02-05T07:08:59.848540+00:00 [running]> on host 0cdc7586e174
[2026-02-05T07:09:04.961+0000] {taskinstance.py:3131} INFO - Exporting env vars: AIRFLOW_CTX_DAG_OWNER='***' AIRFLOW_CTX_DAG_ID='crypto_etl_pipeline' AIRFLOW_CTX_TASK_ID='process_data' AIRFLOW_CTX_EXECUTION_DATE='2026-02-05T07:08:59.848540+00:00' AIRFLOW_CTX_TRY_NUMBER='1' AIRFLOW_CTX_DAG_RUN_ID='manual__2026-02-05T07:08:59.848540+00:00'
[2026-02-05T07:09:04.963+0000] {taskinstance.py:731} INFO - ::endgroup::
[2026-02-05T07:09:05.078+0000] {logging_mixin.py:190} INFO - 📥 Downloading raw data from S3...
[2026-02-05T07:09:06.327+0000] {logging_mixin.py:190} INFO - ✅ Transformed 100 rows. Ready to Load.
[2026-02-05T07:09:06.338+0000] {logging_mixin.py:190} INFO -   symbol      name     price_usd    volume_24h  rank                captured_at
0    btc   Bitcoin  71156.000000  9.212497e+10     1 2026-02-05 07:09:06.326311
1    eth  Ethereum   2106.120000  5.242507e+10     2 2026-02-05 07:09:06.326311
2   usdt    Tether      0.998215  1.502318e+11     3 2026-02-05 07:09:06.326311
3    bnb       BNB    693.390000  3.129435e+09     4 2026-02-05 07:09:06.326311
4    xrp       XRP      1.440000  5.746021e+09     5 2026-02-05 07:09:06.326311
[2026-02-05T07:09:06.347+0000] {base.py:84} INFO - Retrieving connection 'postgres_dw'
[2026-02-05T07:09:06.348+0000] {logging_mixin.py:190} INFO - 📤 Loading data to Postgres...
[2026-02-05T07:09:06.358+0000] {base.py:84} INFO - Retrieving connection 'postgres_dw'
[2026-02-05T07:09:06.380+0000] {logging_mixin.py:190} INFO - 🏆 Data Loaded Successfully!
[2026-02-05T07:09:06.382+0000] {python.py:240} INFO - Done. Returned value was: None
[2026-02-05T07:09:06.390+0000] {taskinstance.py:340} INFO - ::group::Post task execution logs
[2026-02-05T07:09:06.391+0000] {taskinstance.py:352} INFO - Marking task as SUCCESS. dag_id=crypto_etl_pipeline, task_id=process_data, run_id=manual__2026-02-05T07:08:59.848540+00:00, execution_date=20260205T070859, start_date=20260205T070904, end_date=20260205T070906
[2026-02-05T07:09:06.414+0000] {local_task_job_runner.py:266} INFO - Task exited with return code 0
[2026-02-05T07:09:06.437+0000] {taskinstance.py:3900} INFO - 1 downstream tasks scheduled from follow-on schedule check
[2026-02-05T07:09:06.440+0000] {local_task_job_runner.py:245} INFO - ::endgroup::
