[2026-02-05T05:15:33.042+0000] {local_task_job_runner.py:123} INFO - ::group::Pre task execution logs
[2026-02-05T05:15:33.061+0000] {taskinstance.py:2603} INFO - Dependencies all met for dep_context=non-requeueable deps ti=<TaskInstance: crypto_etl_pipeline.extract_data scheduled__2026-02-05T04:00:00+00:00 [queued]>
[2026-02-05T05:15:33.072+0000] {taskinstance.py:2603} INFO - Dependencies all met for dep_context=requeueable deps ti=<TaskInstance: crypto_etl_pipeline.extract_data scheduled__2026-02-05T04:00:00+00:00 [queued]>
[2026-02-05T05:15:33.073+0000] {taskinstance.py:2856} INFO - Starting attempt 1 of 1
[2026-02-05T05:15:33.090+0000] {taskinstance.py:2879} INFO - Executing <Task(PythonOperator): extract_data> on 2026-02-05 04:00:00+00:00
[2026-02-05T05:15:33.103+0000] {logging_mixin.py:190} WARNING - /home/***/.local/lib/python3.12/site-packages/***/task/task_runner/standard_task_runner.py:70 DeprecationWarning: This process (pid=280) is multi-threaded, use of fork() may lead to deadlocks in the child.
[2026-02-05T05:15:33.102+0000] {standard_task_runner.py:104} INFO - Running: ['***', 'tasks', 'run', 'crypto_etl_pipeline', 'extract_data', 'scheduled__2026-02-05T04:00:00+00:00', '--job-id', '2', '--raw', '--subdir', 'DAGS_FOLDER/crypto_pipeline.py', '--cfg-path', '/tmp/tmpzgcrscnb']
[2026-02-05T05:15:33.105+0000] {standard_task_runner.py:72} INFO - Started process 284 to run task
[2026-02-05T05:15:33.106+0000] {standard_task_runner.py:105} INFO - Job 2: Subtask extract_data
[2026-02-05T05:15:33.129+0000] {logging_mixin.py:190} WARNING - /home/***/.local/lib/python3.12/site-packages/***/settings.py:209 DeprecationWarning: The sql_alchemy_conn option in [core] has been moved to the sql_alchemy_conn option in [database] - the old setting has been used, but please update your config.
[2026-02-05T05:15:33.176+0000] {task_command.py:467} INFO - Running <TaskInstance: crypto_etl_pipeline.extract_data scheduled__2026-02-05T04:00:00+00:00 [running]> on host 18b96e710945
[2026-02-05T05:15:33.178+0000] {logging_mixin.py:190} WARNING - /home/***/.local/lib/python3.12/site-packages/***/settings.py:449 DeprecationWarning: The sql_alchemy_conn option in [core] has been moved to the sql_alchemy_conn option in [database] - the old setting has been used, but please update your config.
[2026-02-05T05:15:33.333+0000] {taskinstance.py:3122} INFO - Exporting env vars: AIRFLOW_CTX_DAG_OWNER='***' AIRFLOW_CTX_DAG_ID='crypto_etl_pipeline' AIRFLOW_CTX_TASK_ID='extract_data' AIRFLOW_CTX_EXECUTION_DATE='2026-02-05T04:00:00+00:00' AIRFLOW_CTX_TRY_NUMBER='1' AIRFLOW_CTX_DAG_RUN_ID='scheduled__2026-02-05T04:00:00+00:00'
[2026-02-05T05:15:33.335+0000] {taskinstance.py:731} INFO - ::endgroup::
[2026-02-05T05:15:33.394+0000] {logging_mixin.py:190} INFO - 🚀 Launching API Request to https://api.coingecko.com/api/v3/coins/markets?vs_currency=usd&order=market_cap_desc&per_page=100&page=1&sparkline=false...
[2026-02-05T05:15:33.801+0000] {logging_mixin.py:190} INFO - ✅ API Success! Uploading to S3...
[2026-02-05T05:15:35.976+0000] {logging_mixin.py:190} INFO - ✅ Upload Successful to S3!
[2026-02-05T05:15:35.978+0000] {python.py:240} INFO - Done. Returned value was: None
[2026-02-05T05:15:35.988+0000] {taskinstance.py:340} INFO - ::group::Post task execution logs
[2026-02-05T05:15:35.989+0000] {taskinstance.py:352} INFO - Marking task as SUCCESS. dag_id=crypto_etl_pipeline, task_id=extract_data, run_id=scheduled__2026-02-05T04:00:00+00:00, execution_date=20260205T040000, start_date=20260205T051533, end_date=20260205T051535
[2026-02-05T05:15:36.020+0000] {local_task_job_runner.py:261} INFO - Task exited with return code 0
[2026-02-05T05:15:36.069+0000] {taskinstance.py:3891} INFO - 1 downstream tasks scheduled from follow-on schedule check
[2026-02-05T05:15:36.072+0000] {local_task_job_runner.py:240} INFO - ::endgroup::
[2026-02-05T05:34:42.635+0000] {local_task_job_runner.py:123} INFO - ::group::Pre task execution logs
[2026-02-05T05:34:42.660+0000] {taskinstance.py:2612} INFO - Dependencies all met for dep_context=non-requeueable deps ti=<TaskInstance: crypto_etl_pipeline.extract_data scheduled__2026-02-05T04:00:00+00:00 [queued]>
[2026-02-05T05:34:42.670+0000] {taskinstance.py:2612} INFO - Dependencies all met for dep_context=requeueable deps ti=<TaskInstance: crypto_etl_pipeline.extract_data scheduled__2026-02-05T04:00:00+00:00 [queued]>
[2026-02-05T05:34:42.670+0000] {taskinstance.py:2865} INFO - Starting attempt 1 of 1
[2026-02-05T05:34:42.686+0000] {taskinstance.py:2888} INFO - Executing <Task(PythonOperator): extract_data> on 2026-02-05 04:00:00+00:00
[2026-02-05T05:34:42.698+0000] {logging_mixin.py:190} WARNING - /home/***/.local/lib/python3.12/site-packages/***/task/task_runner/standard_task_runner.py:70 DeprecationWarning: This process (pid=217) is multi-threaded, use of fork() may lead to deadlocks in the child.
[2026-02-05T05:34:42.699+0000] {standard_task_runner.py:72} INFO - Started process 219 to run task
[2026-02-05T05:34:42.697+0000] {standard_task_runner.py:104} INFO - Running: ['***', 'tasks', 'run', 'crypto_etl_pipeline', 'extract_data', 'scheduled__2026-02-05T04:00:00+00:00', '--job-id', '2', '--raw', '--subdir', 'DAGS_FOLDER/crypto_pipeline.py', '--cfg-path', '/tmp/tmp0r4zp1d8']
[2026-02-05T05:34:42.701+0000] {standard_task_runner.py:105} INFO - Job 2: Subtask extract_data
[2026-02-05T05:34:42.729+0000] {logging_mixin.py:190} WARNING - /home/***/.local/lib/python3.12/site-packages/***/settings.py:209 DeprecationWarning: The sql_alchemy_conn option in [core] has been moved to the sql_alchemy_conn option in [database] - the old setting has been used, but please update your config.
[2026-02-05T05:34:42.822+0000] {task_command.py:467} INFO - Running <TaskInstance: crypto_etl_pipeline.extract_data scheduled__2026-02-05T04:00:00+00:00 [running]> on host 9e5d710f3666
[2026-02-05T05:34:42.824+0000] {logging_mixin.py:190} WARNING - /home/***/.local/lib/python3.12/site-packages/***/settings.py:470 DeprecationWarning: The sql_alchemy_conn option in [core] has been moved to the sql_alchemy_conn option in [database] - the old setting has been used, but please update your config.
[2026-02-05T05:34:42.948+0000] {taskinstance.py:3131} INFO - Exporting env vars: AIRFLOW_CTX_DAG_OWNER='***' AIRFLOW_CTX_DAG_ID='crypto_etl_pipeline' AIRFLOW_CTX_TASK_ID='extract_data' AIRFLOW_CTX_EXECUTION_DATE='2026-02-05T04:00:00+00:00' AIRFLOW_CTX_TRY_NUMBER='1' AIRFLOW_CTX_DAG_RUN_ID='scheduled__2026-02-05T04:00:00+00:00'
[2026-02-05T05:34:42.950+0000] {taskinstance.py:731} INFO - ::endgroup::
[2026-02-05T05:34:42.996+0000] {logging_mixin.py:190} INFO - 🚀 Launching API Request to https://api.coingecko.com/api/v3/coins/markets?vs_currency=usd&order=market_cap_desc&per_page=100&page=1&sparkline=false...
[2026-02-05T05:34:43.382+0000] {logging_mixin.py:190} INFO - ✅ API Success! Uploading to S3...
[2026-02-05T05:34:45.104+0000] {logging_mixin.py:190} INFO - ✅ Upload Successful to S3!
[2026-02-05T05:34:45.110+0000] {python.py:240} INFO - Done. Returned value was: None
[2026-02-05T05:34:45.158+0000] {taskinstance.py:340} INFO - ::group::Post task execution logs
[2026-02-05T05:34:45.160+0000] {taskinstance.py:352} INFO - Marking task as SUCCESS. dag_id=crypto_etl_pipeline, task_id=extract_data, run_id=scheduled__2026-02-05T04:00:00+00:00, execution_date=20260205T040000, start_date=20260205T053442, end_date=20260205T053445
[2026-02-05T05:34:45.208+0000] {local_task_job_runner.py:266} INFO - Task exited with return code 0
[2026-02-05T05:34:45.262+0000] {taskinstance.py:3900} INFO - 1 downstream tasks scheduled from follow-on schedule check
[2026-02-05T05:34:45.266+0000] {local_task_job_runner.py:245} INFO - ::endgroup::
[2026-02-05T05:59:34.759+0000] {local_task_job_runner.py:123} INFO - ::group::Pre task execution logs
[2026-02-05T05:59:34.785+0000] {taskinstance.py:2612} INFO - Dependencies all met for dep_context=non-requeueable deps ti=<TaskInstance: crypto_etl_pipeline.extract_data scheduled__2026-02-05T04:00:00+00:00 [queued]>
[2026-02-05T05:59:34.797+0000] {taskinstance.py:2612} INFO - Dependencies all met for dep_context=requeueable deps ti=<TaskInstance: crypto_etl_pipeline.extract_data scheduled__2026-02-05T04:00:00+00:00 [queued]>
[2026-02-05T05:59:34.798+0000] {taskinstance.py:2865} INFO - Starting attempt 1 of 1
[2026-02-05T05:59:34.813+0000] {taskinstance.py:2888} INFO - Executing <Task(PythonOperator): extract_data> on 2026-02-05 04:00:00+00:00
[2026-02-05T05:59:34.820+0000] {logging_mixin.py:190} WARNING - /home/***/.local/lib/python3.12/site-packages/***/task/task_runner/standard_task_runner.py:70 DeprecationWarning: This process (pid=222) is multi-threaded, use of fork() may lead to deadlocks in the child.
[2026-02-05T05:59:34.821+0000] {standard_task_runner.py:72} INFO - Started process 224 to run task
[2026-02-05T05:59:34.823+0000] {standard_task_runner.py:104} INFO - Running: ['***', 'tasks', 'run', 'crypto_etl_pipeline', 'extract_data', 'scheduled__2026-02-05T04:00:00+00:00', '--job-id', '2', '--raw', '--subdir', 'DAGS_FOLDER/crypto_pipeline.py', '--cfg-path', '/tmp/tmpq72qaeuu']
[2026-02-05T05:59:34.828+0000] {standard_task_runner.py:105} INFO - Job 2: Subtask extract_data
[2026-02-05T05:59:34.872+0000] {logging_mixin.py:190} WARNING - /home/***/.local/lib/python3.12/site-packages/***/settings.py:209 DeprecationWarning: The sql_alchemy_conn option in [core] has been moved to the sql_alchemy_conn option in [database] - the old setting has been used, but please update your config.
[2026-02-05T05:59:34.934+0000] {task_command.py:467} INFO - Running <TaskInstance: crypto_etl_pipeline.extract_data scheduled__2026-02-05T04:00:00+00:00 [running]> on host 87e9046ae7a3
[2026-02-05T05:59:34.936+0000] {logging_mixin.py:190} WARNING - /home/***/.local/lib/python3.12/site-packages/***/settings.py:470 DeprecationWarning: The sql_alchemy_conn option in [core] has been moved to the sql_alchemy_conn option in [database] - the old setting has been used, but please update your config.
[2026-02-05T05:59:35.037+0000] {taskinstance.py:3131} INFO - Exporting env vars: AIRFLOW_CTX_DAG_OWNER='***' AIRFLOW_CTX_DAG_ID='crypto_etl_pipeline' AIRFLOW_CTX_TASK_ID='extract_data' AIRFLOW_CTX_EXECUTION_DATE='2026-02-05T04:00:00+00:00' AIRFLOW_CTX_TRY_NUMBER='1' AIRFLOW_CTX_DAG_RUN_ID='scheduled__2026-02-05T04:00:00+00:00'
[2026-02-05T05:59:35.038+0000] {taskinstance.py:731} INFO - ::endgroup::
[2026-02-05T05:59:35.075+0000] {logging_mixin.py:190} INFO - 🚀 Launching API Request to https://api.coingecko.com/api/v3/coins/markets?vs_currency=usd&order=market_cap_desc&per_page=100&page=1&sparkline=false...
[2026-02-05T05:59:35.480+0000] {logging_mixin.py:190} INFO - ✅ API Success! Uploading to S3...
[2026-02-05T05:59:37.405+0000] {logging_mixin.py:190} INFO - ✅ Upload Successful to S3!
[2026-02-05T05:59:37.407+0000] {python.py:240} INFO - Done. Returned value was: None
[2026-02-05T05:59:37.415+0000] {taskinstance.py:340} INFO - ::group::Post task execution logs
[2026-02-05T05:59:37.416+0000] {taskinstance.py:352} INFO - Marking task as SUCCESS. dag_id=crypto_etl_pipeline, task_id=extract_data, run_id=scheduled__2026-02-05T04:00:00+00:00, execution_date=20260205T040000, start_date=20260205T055934, end_date=20260205T055937
[2026-02-05T05:59:37.450+0000] {local_task_job_runner.py:266} INFO - Task exited with return code 0
[2026-02-05T05:59:37.473+0000] {taskinstance.py:3900} INFO - 1 downstream tasks scheduled from follow-on schedule check
[2026-02-05T05:59:37.476+0000] {local_task_job_runner.py:245} INFO - ::endgroup::
